Olesya
Nechkasova
c738f9e2789a61be0e64b5f0fd83a538
[23.4.2021 | 14:38:23] {"type":"cmd","data":"run"}
,[23.4.2021 | 14:38:23] {"client-id":"175e4ea7-7057-4ac8-b011-24cdb33942eb","gpioa":0,"gpiob":0,"gpioc":32768,"gpiod":0,"gpioe":0,"modeltime":0,"type":"gpio"}
,[23.4.2021 | 14:38:23] {"client-id":"175e4ea7-7057-4ac8-b011-24cdb33942eb","gpioa":0,"gpiob":0,"gpioc":32768,"gpiod":0,"gpioe":0,"modeltime":0,"type":"gpio"}
,[23.4.2021 | 14:38:23] {"client-id":"175e4ea7-7057-4ac8-b011-24cdb33942eb","gpioa":0,"gpiob":0,"gpioc":32768,"gpiod":0,"gpioe":0,"modeltime":0,"type":"gpio"}
,[23.4.2021 | 14:38:23] {"client-id":"175e4ea7-7057-4ac8-b011-24cdb33942eb","gpioa":0,"gpiob":0,"gpioc":32768,"gpiod":0,"gpioe":0,"modeltime":0,"type":"gpio"}
,[23.4.2021 | 14:38:23] {"client-id":"175e4ea7-7057-4ac8-b011-24cdb33942eb","gpioa":0,"gpiob":0,"gpioc":32768,"gpiod":4104,"gpioe":0,"modeltime":0,"type":"gpio"}
,[23.4.2021 | 14:38:23] {"client-id":"175e4ea7-7057-4ac8-b011-24cdb33942eb","gpioa":0,"gpiob":0,"gpioc":32768,"gpiod":4104,"gpioe":0,"modeltime":0,"type":"gpio"}
,[23.4.2021 | 14:38:23] {"client-id":"175e4ea7-7057-4ac8-b011-24cdb33942eb","gpioa":0,"gpiob":0,"gpioc":32768,"gpiod":4104,"gpioe":0,"modeltime":0,"type":"gpio"}
,[23.4.2021 | 14:38:23] {"client-id":"175e4ea7-7057-4ac8-b011-24cdb33942eb","gpioa":0,"gpiob":0,"gpioc":32768,"gpiod":4104,"gpioe":0,"modeltime":0,"type":"gpio"}
,[23.4.2021 | 14:38:24] {"client-id":"175e4ea7-7057-4ac8-b011-24cdb33942eb","gpioa":0,"gpiob":0,"gpioc":32768,"gpiod":4104,"gpioe":0,"modeltime":0,"type":"gpio"}
,[23.4.2021 | 14:38:24] {"client-id":"175e4ea7-7057-4ac8-b011-24cdb33942eb","gpioa":0,"gpiob":0,"gpioc":32768,"gpiod":6168,"gpioe":0,"modeltime":0,"type":"gpio"}
,[23.4.2021 | 14:38:24] {"client-id":"175e4ea7-7057-4ac8-b011-24cdb33942eb","gpioa":0,"gpiob":0,"gpioc":32768,"gpiod":6168,"gpioe":0,"modeltime":0,"type":"gpio"}
,[23.4.2021 | 14:38:24] {"client-id":"175e4ea7-7057-4ac8-b011-24cdb33942eb","gpioa":0,"gpiob":0,"gpioc":32768,"gpiod":6168,"gpioe":0,"modeltime":0,"type":"gpio"}
,[23.4.2021 | 14:38:24] {"client-id":"175e4ea7-7057-4ac8-b011-24cdb33942eb","gpioa":0,"gpiob":0,"gpioc":32768,"gpiod":6168,"gpioe":0,"modeltime":0,"type":"gpio"}
,[23.4.2021 | 14:38:24] {"client-id":"175e4ea7-7057-4ac8-b011-24cdb33942eb","gpioa":0,"gpiob":0,"gpioc":32768,"gpiod":6168,"gpioe":0,"modeltime":0,"type":"gpio"}
,[23.4.2021 | 14:38:24] {"client-id":"175e4ea7-7057-4ac8-b011-24cdb33942eb","gpioa":0,"gpiob":0,"gpioc":32768,"gpiod":6712,"gpioe":0,"modeltime":0,"type":"gpio"}
,[23.4.2021 | 14:38:25] {"client-id":"175e4ea7-7057-4ac8-b011-24cdb33942eb","gpioa":0,"gpiob":0,"gpioc":32768,"gpiod":6712,"gpioe":0,"modeltime":0,"type":"gpio"}
,[23.4.2021 | 14:38:25] {"client-id":"175e4ea7-7057-4ac8-b011-24cdb33942eb","gpioa":0,"gpiob":0,"gpioc":32768,"gpiod":6712,"gpioe":0,"modeltime":0,"type":"gpio"}
,[23.4.2021 | 14:38:25] {"client-id":"175e4ea7-7057-4ac8-b011-24cdb33942eb","gpioa":0,"gpiob":0,"gpioc":32768,"gpiod":6712,"gpioe":0,"modeltime":0,"type":"gpio"}
,[23.4.2021 | 14:38:25] {"client-id":"175e4ea7-7057-4ac8-b011-24cdb33942eb","gpioa":0,"gpiob":0,"gpioc":32768,"gpiod":6712,"gpioe":0,"modeltime":0,"type":"gpio"}
,[23.4.2021 | 14:38:25] {"client-id":"175e4ea7-7057-4ac8-b011-24cdb33942eb","gpioa":0,"gpiob":0,"gpioc":32768,"gpiod":7032,"gpioe":0,"modeltime":0,"type":"gpio"}
,[23.4.2021 | 14:38:25] {"client-id":"175e4ea7-7057-4ac8-b011-24cdb33942eb","gpioa":0,"gpiob":0,"gpioc":32768,"gpiod":7032,"gpioe":0,"modeltime":0,"type":"gpio"}
,[23.4.2021 | 14:38:25] {"client-id":"175e4ea7-7057-4ac8-b011-24cdb33942eb","gpioa":0,"gpiob":0,"gpioc":32768,"gpiod":7032,"gpioe":0,"modeltime":0,"type":"gpio"}
,[23.4.2021 | 14:38:25] {"client-id":"175e4ea7-7057-4ac8-b011-24cdb33942eb","gpioa":0,"gpiob":0,"gpioc":32768,"gpiod":7032,"gpioe":0,"modeltime":0,"type":"gpio"}
,[23.4.2021 | 14:38:25] {"client-id":"175e4ea7-7057-4ac8-b011-24cdb33942eb","gpioa":0,"gpiob":0,"gpioc":32768,"gpiod":7032,"gpioe":0,"modeltime":0,"type":"gpio"}
,[23.4.2021 | 14:38:25] {"client-id":"175e4ea7-7057-4ac8-b011-24cdb33942eb","gpioa":0,"gpiob":0,"gpioc":32768,"gpiod":6712,"gpioe":0,"modeltime":0,"type":"gpio"}
,[23.4.2021 | 14:38:25] {"client-id":"175e4ea7-7057-4ac8-b011-24cdb33942eb","gpioa":0,"gpiob":0,"gpioc":32768,"gpiod":6712,"gpioe":16,"modeltime":0,"type":"gpio"}
,[23.4.2021 | 14:38:25] {"client-id":"175e4ea7-7057-4ac8-b011-24cdb33942eb","gpioa":0,"gpiob":0,"gpioc":32768,"gpiod":6712,"gpioe":16,"modeltime":0,"type":"gpio"}
,[23.4.2021 | 14:38:25] {"client-id":"175e4ea7-7057-4ac8-b011-24cdb33942eb","gpioa":0,"gpiob":0,"gpioc":32768,"gpiod":6712,"gpioe":16,"modeltime":0,"type":"gpio"}
,[23.4.2021 | 14:38:26] {"client-id":"175e4ea7-7057-4ac8-b011-24cdb33942eb","gpioa":0,"gpiob":0,"gpioc":32768,"gpiod":6712,"gpioe":16,"modeltime":0,"type":"gpio"}
,[23.4.2021 | 14:38:26] {"client-id":"175e4ea7-7057-4ac8-b011-24cdb33942eb","gpioa":0,"gpiob":0,"gpioc":32768,"gpiod":6168,"gpioe":16,"modeltime":0,"type":"gpio"}
,[23.4.2021 | 14:38:26] {"client-id":"175e4ea7-7057-4ac8-b011-24cdb33942eb","gpioa":0,"gpiob":0,"gpioc":32768,"gpiod":6168,"gpioe":16,"modeltime":0,"type":"gpio"}
,[23.4.2021 | 14:38:26] {"client-id":"175e4ea7-7057-4ac8-b011-24cdb33942eb","gpioa":0,"gpiob":0,"gpioc":32768,"gpiod":6168,"gpioe":16,"modeltime":0,"type":"gpio"}
,[23.4.2021 | 14:38:26] {"client-id":"175e4ea7-7057-4ac8-b011-24cdb33942eb","gpioa":0,"gpiob":0,"gpioc":32768,"gpiod":6168,"gpioe":16,"modeltime":0,"type":"gpio"}
,[23.4.2021 | 14:38:26] {"client-id":"175e4ea7-7057-4ac8-b011-24cdb33942eb","gpioa":0,"gpiob":0,"gpioc":32768,"gpiod":6168,"gpioe":16,"modeltime":0,"type":"gpio"}
,[23.4.2021 | 14:38:26] {"client-id":"175e4ea7-7057-4ac8-b011-24cdb33942eb","gpioa":0,"gpiob":0,"gpioc":32768,"gpiod":6168,"gpioe":16,"modeltime":0,"type":"gpio"}
,[23.4.2021 | 14:38:26] {"client-id":"175e4ea7-7057-4ac8-b011-24cdb33942eb","gpioa":0,"gpiob":0,"gpioc":32768,"gpiod":6168,"gpioe":16,"modeltime":0,"type":"gpio"}
,[23.4.2021 | 14:38:26] {"client-id":"175e4ea7-7057-4ac8-b011-24cdb33942eb","gpioa":0,"gpiob":0,"gpioc":32768,"gpiod":6168,"gpioe":16,"modeltime":0,"type":"gpio"}
,[23.4.2021 | 14:38:27] {"client-id":"175e4ea7-7057-4ac8-b011-24cdb33942eb","gpioa":0,"gpiob":0,"gpioc":32768,"gpiod":6168,"gpioe":272,"modeltime":0,"type":"gpio"}
,[23.4.2021 | 14:38:27] {"client-id":"175e4ea7-7057-4ac8-b011-24cdb33942eb","gpioa":0,"gpiob":0,"gpioc":32768,"gpiod":6168,"gpioe":272,"modeltime":0,"type":"gpio"}
,[23.4.2021 | 14:38:27] {"client-id":"175e4ea7-7057-4ac8-b011-24cdb33942eb","gpioa":0,"gpiob":0,"gpioc":32768,"gpiod":4104,"gpioe":272,"modeltime":0,"type":"gpio"}
,[23.4.2021 | 14:38:27] {"client-id":"175e4ea7-7057-4ac8-b011-24cdb33942eb","gpioa":0,"gpiob":0,"gpioc":32768,"gpiod":4104,"gpioe":272,"modeltime":0,"type":"gpio"}
,[23.4.2021 | 14:38:27] {"client-id":"175e4ea7-7057-4ac8-b011-24cdb33942eb","gpioa":0,"gpiob":0,"gpioc":32768,"gpiod":4104,"gpioe":272,"modeltime":0,"type":"gpio"}
,[23.4.2021 | 14:38:27] {"client-id":"175e4ea7-7057-4ac8-b011-24cdb33942eb","gpioa":0,"gpiob":0,"gpioc":32768,"gpiod":4104,"gpioe":272,"modeltime":0,"type":"gpio"}
,[23.4.2021 | 14:38:27] {"client-id":"175e4ea7-7057-4ac8-b011-24cdb33942eb","gpioa":0,"gpiob":0,"gpioc":32768,"gpiod":4104,"gpioe":272,"modeltime":0,"type":"gpio"}
,[23.4.2021 | 14:38:27] {"client-id":"175e4ea7-7057-4ac8-b011-24cdb33942eb","gpioa":0,"gpiob":0,"gpioc":32768,"gpiod":4104,"gpioe":272,"modeltime":0,"type":"gpio"}
,[23.4.2021 | 14:38:27] {"client-id":"175e4ea7-7057-4ac8-b011-24cdb33942eb","gpioa":0,"gpiob":0,"gpioc":32768,"gpiod":4104,"gpioe":272,"modeltime":0,"type":"gpio"}
,[23.4.2021 | 14:38:27] {"client-id":"175e4ea7-7057-4ac8-b011-24cdb33942eb","gpioa":0,"gpiob":0,"gpioc":32768,"gpiod":4104,"gpioe":272,"modeltime":0,"type":"gpio"}
,[23.4.2021 | 14:38:27] {"client-id":"175e4ea7-7057-4ac8-b011-24cdb33942eb","gpioa":0,"gpiob":0,"gpioc":32768,"gpiod":4104,"gpioe":272,"modeltime":0,"type":"gpio"}
,[23.4.2021 | 14:38:28] {"client-id":"175e4ea7-7057-4ac8-b011-24cdb33942eb","gpioa":0,"gpiob":0,"gpioc":32768,"gpiod":4104,"gpioe":272,"modeltime":0,"type":"gpio"}
,[23.4.2021 | 14:38:28] {"client-id":"175e4ea7-7057-4ac8-b011-24cdb33942eb","gpioa":0,"gpiob":0,"gpioc":32768,"gpiod":4104,"gpioe":272,"modeltime":0,"type":"gpio"}
,[23.4.2021 | 14:38:28] {"client-id":"175e4ea7-7057-4ac8-b011-24cdb33942eb","gpioa":0,"gpiob":0,"gpioc":32768,"gpiod":4104,"gpioe":272,"modeltime":0,"type":"gpio"}
,[23.4.2021 | 14:38:28] {"client-id":"175e4ea7-7057-4ac8-b011-24cdb33942eb","gpioa":0,"gpiob":0,"gpioc":32768,"gpiod":4104,"gpioe":272,"modeltime":0,"type":"gpio"}
,[23.4.2021 | 14:38:28] {"client-id":"175e4ea7-7057-4ac8-b011-24cdb33942eb","gpioa":0,"gpiob":0,"gpioc":32768,"gpiod":4104,"gpioe":272,"modeltime":0,"type":"gpio"}
,[23.4.2021 | 14:38:28] {"client-id":"175e4ea7-7057-4ac8-b011-24cdb33942eb","gpioa":0,"gpiob":0,"gpioc":32768,"gpiod":4104,"gpioe":272,"modeltime":0,"type":"gpio"}
,[23.4.2021 | 14:38:28] {"client-id":"175e4ea7-7057-4ac8-b011-24cdb33942eb","gpioa":0,"gpiob":0,"gpioc":32768,"gpiod":4104,"gpioe":272,"modeltime":0,"type":"gpio"}
,[23.4.2021 | 14:38:28] {"client-id":"175e4ea7-7057-4ac8-b011-24cdb33942eb","gpioa":0,"gpiob":0,"gpioc":32768,"gpiod":4104,"gpioe":272,"modeltime":0,"type":"gpio"}
,[23.4.2021 | 14:38:28] {"client-id":"175e4ea7-7057-4ac8-b011-24cdb33942eb","gpioa":0,"gpiob":0,"gpioc":32768,"gpiod":4104,"gpioe":272,"modeltime":0,"type":"gpio"}
,[23.4.2021 | 14:38:29] {"client-id":"175e4ea7-7057-4ac8-b011-24cdb33942eb","gpioa":0,"gpiob":0,"gpioc":32768,"gpiod":4104,"gpioe":272,"modeltime":0,"type":"gpio"}
,[23.4.2021 | 14:38:29] {"client-id":"175e4ea7-7057-4ac8-b011-24cdb33942eb","gpioa":0,"gpiob":0,"gpioc":32768,"gpiod":4104,"gpioe":272,"modeltime":0,"type":"gpio"}
,[23.4.2021 | 14:38:29] {"client-id":"175e4ea7-7057-4ac8-b011-24cdb33942eb","gpioa":0,"gpiob":0,"gpioc":32768,"gpiod":0,"gpioe":272,"modeltime":0,"type":"gpio"}
,[23.4.2021 | 14:38:29] {"client-id":"175e4ea7-7057-4ac8-b011-24cdb33942eb","gpioa":0,"gpiob":0,"gpioc":32768,"gpiod":0,"gpioe":272,"modeltime":0,"type":"gpio"}
,[23.4.2021 | 14:38:29] {"client-id":"175e4ea7-7057-4ac8-b011-24cdb33942eb","gpioa":0,"gpiob":0,"gpioc":32768,"gpiod":0,"gpioe":272,"modeltime":0,"type":"gpio"}
,[23.4.2021 | 14:38:29] {"client-id":"175e4ea7-7057-4ac8-b011-24cdb33942eb","gpioa":0,"gpiob":0,"gpioc":32768,"gpiod":0,"gpioe":272,"modeltime":0,"type":"gpio"}
,[23.4.2021 | 14:38:29] {"client-id":"175e4ea7-7057-4ac8-b011-24cdb33942eb","gpioa":0,"gpiob":0,"gpioc":32768,"gpiod":0,"gpioe":272,"modeltime":0,"type":"gpio"}
,[23.4.2021 | 14:38:29] {"client-id":"175e4ea7-7057-4ac8-b011-24cdb33942eb","gpioa":0,"gpiob":0,"gpioc":32768,"gpiod":0,"gpioe":272,"modeltime":0,"type":"gpio"}
,[23.4.2021 | 14:38:29] {"client-id":"175e4ea7-7057-4ac8-b011-24cdb33942eb","gpioa":0,"gpiob":0,"gpioc":32768,"gpiod":0,"gpioe":272,"modeltime":0,"type":"gpio"}
,[23.4.2021 | 14:38:29] {"client-id":"175e4ea7-7057-4ac8-b011-24cdb33942eb","gpioa":0,"gpiob":0,"gpioc":32768,"gpiod":0,"gpioe":272,"modeltime":0,"type":"gpio"}
,[23.4.2021 | 14:38:29] {"client-id":"175e4ea7-7057-4ac8-b011-24cdb33942eb","gpioa":0,"gpiob":0,"gpioc":32768,"gpiod":0,"gpioe":272,"modeltime":0,"type":"gpio"}
,[23.4.2021 | 14:38:30] {"client-id":"175e4ea7-7057-4ac8-b011-24cdb33942eb","gpioa":0,"gpiob":0,"gpioc":32768,"gpiod":0,"gpioe":272,"modeltime":0,"type":"gpio"}
,[23.4.2021 | 14:38:30] {"client-id":"175e4ea7-7057-4ac8-b011-24cdb33942eb","gpioa":0,"gpiob":0,"gpioc":32768,"gpiod":0,"gpioe":272,"modeltime":0,"type":"gpio"}
,[23.4.2021 | 14:38:30] {"client-id":"175e4ea7-7057-4ac8-b011-24cdb33942eb","gpioa":0,"gpiob":0,"gpioc":32768,"gpiod":0,"gpioe":272,"modeltime":0,"type":"gpio"}
,[23.4.2021 | 14:38:30] {"client-id":"175e4ea7-7057-4ac8-b011-24cdb33942eb","gpioa":0,"gpiob":0,"gpioc":32768,"gpiod":0,"gpioe":272,"modeltime":0,"type":"gpio"}
,[23.4.2021 | 14:38:30] {"client-id":"175e4ea7-7057-4ac8-b011-24cdb33942eb","gpioa":0,"gpiob":0,"gpioc":32768,"gpiod":0,"gpioe":272,"modeltime":0,"type":"gpio"}
,[23.4.2021 | 14:38:30] {"client-id":"175e4ea7-7057-4ac8-b011-24cdb33942eb","gpioa":0,"gpiob":0,"gpioc":32768,"gpiod":0,"gpioe":272,"modeltime":0,"type":"gpio"}
,[23.4.2021 | 14:38:30] {"client-id":"175e4ea7-7057-4ac8-b011-24cdb33942eb","gpioa":0,"gpiob":0,"gpioc":32768,"gpiod":4104,"gpioe":272,"modeltime":0,"type":"gpio"}
,[23.4.2021 | 14:38:30] {"client-id":"175e4ea7-7057-4ac8-b011-24cdb33942eb","gpioa":0,"gpiob":0,"gpioc":32768,"gpiod":4104,"gpioe":272,"modeltime":0,"type":"gpio"}
,[23.4.2021 | 14:38:30] {"client-id":"175e4ea7-7057-4ac8-b011-24cdb33942eb","gpioa":0,"gpiob":0,"gpioc":32768,"gpiod":4104,"gpioe":272,"modeltime":0,"type":"gpio"}
,[23.4.2021 | 14:38:30] {"client-id":"175e4ea7-7057-4ac8-b011-24cdb33942eb","gpioa":0,"gpiob":0,"gpioc":32768,"gpiod":4104,"gpioe":272,"modeltime":0,"type":"gpio"}
,[23.4.2021 | 14:38:31] {"client-id":"175e4ea7-7057-4ac8-b011-24cdb33942eb","gpioa":0,"gpiob":0,"gpioc":32768,"gpiod":4104,"gpioe":272,"modeltime":0,"type":"gpio"}
,[23.4.2021 | 14:38:31] {"client-id":"175e4ea7-7057-4ac8-b011-24cdb33942eb","gpioa":0,"gpiob":0,"gpioc":32768,"gpiod":4104,"gpioe":272,"modeltime":0,"type":"gpio"}
,[23.4.2021 | 14:38:31] {"client-id":"175e4ea7-7057-4ac8-b011-24cdb33942eb","gpioa":0,"gpiob":0,"gpioc":32768,"gpiod":4104,"gpioe":272,"modeltime":0,"type":"gpio"}
,[23.4.2021 | 14:38:31] {"client-id":"175e4ea7-7057-4ac8-b011-24cdb33942eb","gpioa":0,"gpiob":0,"gpioc":32768,"gpiod":4104,"gpioe":272,"modeltime":0,"type":"gpio"}
,[23.4.2021 | 14:38:31] {"client-id":"175e4ea7-7057-4ac8-b011-24cdb33942eb","gpioa":0,"gpiob":0,"gpioc":32768,"gpiod":4104,"gpioe":272,"modeltime":0,"type":"gpio"}
,[23.4.2021 | 14:38:31] {"client-id":"175e4ea7-7057-4ac8-b011-24cdb33942eb","gpioa":0,"gpiob":0,"gpioc":32768,"gpiod":4104,"gpioe":272,"modeltime":0,"type":"gpio"}
,[23.4.2021 | 14:38:31] {"client-id":"175e4ea7-7057-4ac8-b011-24cdb33942eb","gpioa":0,"gpiob":0,"gpioc":32768,"gpiod":4104,"gpioe":272,"modeltime":0,"type":"gpio"}
,[23.4.2021 | 14:38:31] {"client-id":"175e4ea7-7057-4ac8-b011-24cdb33942eb","gpioa":0,"gpiob":0,"gpioc":32768,"gpiod":4104,"gpioe":272,"modeltime":0,"type":"gpio"}
,[23.4.2021 | 14:38:31] {"client-id":"175e4ea7-7057-4ac8-b011-24cdb33942eb","gpioa":0,"gpiob":0,"gpioc":32768,"gpiod":4104,"gpioe":272,"modeltime":0,"type":"gpio"}
,[23.4.2021 | 14:38:31] {"client-id":"175e4ea7-7057-4ac8-b011-24cdb33942eb","gpioa":0,"gpiob":0,"gpioc":32768,"gpiod":4104,"gpioe":272,"modeltime":0,"type":"gpio"}
,[23.4.2021 | 14:38:32] {"client-id":"175e4ea7-7057-4ac8-b011-24cdb33942eb","gpioa":0,"gpiob":0,"gpioc":32768,"gpiod":4104,"gpioe":272,"modeltime":0,"type":"gpio"}
,[23.4.2021 | 14:38:32] {"client-id":"175e4ea7-7057-4ac8-b011-24cdb33942eb","gpioa":0,"gpiob":0,"gpioc":32768,"gpiod":6168,"gpioe":272,"modeltime":0,"type":"gpio"}
,[23.4.2021 | 14:38:32] {"client-id":"175e4ea7-7057-4ac8-b011-24cdb33942eb","gpioa":0,"gpiob":0,"gpioc":32768,"gpiod":6168,"gpioe":272,"modeltime":0,"type":"gpio"}
,[23.4.2021 | 14:38:32] {"client-id":"175e4ea7-7057-4ac8-b011-24cdb33942eb","gpioa":0,"gpiob":0,"gpioc":32768,"gpiod":6168,"gpioe":272,"modeltime":0,"type":"gpio"}
,[23.4.2021 | 14:38:32] {"client-id":"175e4ea7-7057-4ac8-b011-24cdb33942eb","gpioa":0,"gpiob":0,"gpioc":32768,"gpiod":6168,"gpioe":272,"modeltime":0,"type":"gpio"}
,[23.4.2021 | 14:38:32] {"client-id":"175e4ea7-7057-4ac8-b011-24cdb33942eb","gpioa":0,"gpiob":0,"gpioc":32768,"gpiod":6168,"gpioe":272,"modeltime":0,"type":"gpio"}
,[23.4.2021 | 14:38:32] {"client-id":"175e4ea7-7057-4ac8-b011-24cdb33942eb","gpioa":0,"gpiob":0,"gpioc":32768,"gpiod":6168,"gpioe":272,"modeltime":0,"type":"gpio"}
,[23.4.2021 | 14:38:32] {"client-id":"175e4ea7-7057-4ac8-b011-24cdb33942eb","gpioa":0,"gpiob":0,"gpioc":32768,"gpiod":6168,"gpioe":272,"modeltime":0,"type":"gpio"}
,[23.4.2021 | 14:38:33] {"client-id":"175e4ea7-7057-4ac8-b011-24cdb33942eb","gpioa":0,"gpiob":0,"gpioc":32768,"gpiod":6168,"gpioe":272,"modeltime":0,"type":"gpio"}
,[23.4.2021 | 14:38:33] {"client-id":"175e4ea7-7057-4ac8-b011-24cdb33942eb","gpioa":0,"gpiob":0,"gpioc":32768,"gpiod":6168,"gpioe":272,"modeltime":0,"type":"gpio"}
,[23.4.2021 | 14:38:33] {"client-id":"175e4ea7-7057-4ac8-b011-24cdb33942eb","gpioa":0,"gpiob":0,"gpioc":32768,"gpiod":6168,"gpioe":272,"modeltime":0,"type":"gpio"}
,[23.4.2021 | 14:38:33] {"client-id":"175e4ea7-7057-4ac8-b011-24cdb33942eb","gpioa":0,"gpiob":0,"gpioc":32768,"gpiod":6168,"gpioe":272,"modeltime":0,"type":"gpio"}
,[23.4.2021 | 14:38:33] {"client-id":"175e4ea7-7057-4ac8-b011-24cdb33942eb","gpioa":0,"gpiob":0,"gpioc":32768,"gpiod":6168,"gpioe":272,"modeltime":0,"type":"gpio"}
,[23.4.2021 | 14:38:33] {"client-id":"175e4ea7-7057-4ac8-b011-24cdb33942eb","gpioa":0,"gpiob":0,"gpioc":32768,"gpiod":6168,"gpioe":272,"modeltime":0,"type":"gpio"}
,[23.4.2021 | 14:38:33] {"client-id":"175e4ea7-7057-4ac8-b011-24cdb33942eb","gpioa":0,"gpiob":0,"gpioc":32768,"gpiod":6168,"gpioe":272,"modeltime":0,"type":"gpio"}
,[23.4.2021 | 14:38:33] {"client-id":"175e4ea7-7057-4ac8-b011-24cdb33942eb","gpioa":0,"gpiob":0,"gpioc":32768,"gpiod":6168,"gpioe":272,"modeltime":0,"type":"gpio"}
,[23.4.2021 | 14:38:33] {"client-id":"175e4ea7-7057-4ac8-b011-24cdb33942eb","gpioa":0,"gpiob":0,"gpioc":32768,"gpiod":6168,"gpioe":272,"modeltime":0,"type":"gpio"}
,[23.4.2021 | 14:38:33] {"client-id":"175e4ea7-7057-4ac8-b011-24cdb33942eb","gpioa":0,"gpiob":0,"gpioc":32768,"gpiod":6168,"gpioe":272,"modeltime":0,"type":"gpio"}
,[23.4.2021 | 14:38:33] {"client-id":"175e4ea7-7057-4ac8-b011-24cdb33942eb","gpioa":0,"gpiob":0,"gpioc":32768,"gpiod":6168,"gpioe":272,"modeltime":0,"type":"gpio"}
,[23.4.2021 | 14:38:33] {"client-id":"175e4ea7-7057-4ac8-b011-24cdb33942eb","gpioa":0,"gpiob":0,"gpioc":32768,"gpiod":6168,"gpioe":272,"modeltime":0,"type":"gpio"}
,[23.4.2021 | 14:38:34] {"client-id":"175e4ea7-7057-4ac8-b011-24cdb33942eb","gpioa":0,"gpiob":0,"gpioc":32768,"gpiod":6168,"gpioe":272,"modeltime":0,"type":"gpio"}
,[23.4.2021 | 14:38:34] {"client-id":"175e4ea7-7057-4ac8-b011-24cdb33942eb","gpioa":0,"gpiob":0,"gpioc":32768,"gpiod":6712,"gpioe":272,"modeltime":0,"type":"gpio"}
,[23.4.2021 | 14:38:34] {"client-id":"175e4ea7-7057-4ac8-b011-24cdb33942eb","gpioa":0,"gpiob":0,"gpioc":32768,"gpiod":6712,"gpioe":272,"modeltime":0,"type":"gpio"}
,[23.4.2021 | 14:38:34] {"client-id":"175e4ea7-7057-4ac8-b011-24cdb33942eb","gpioa":0,"gpiob":0,"gpioc":32768,"gpiod":6712,"gpioe":272,"modeltime":0,"type":"gpio"}
,[23.4.2021 | 14:38:34] {"client-id":"175e4ea7-7057-4ac8-b011-24cdb33942eb","gpioa":0,"gpiob":0,"gpioc":32768,"gpiod":6712,"gpioe":272,"modeltime":0,"type":"gpio"}
,[23.4.2021 | 14:38:34] {"client-id":"175e4ea7-7057-4ac8-b011-24cdb33942eb","gpioa":0,"gpiob":0,"gpioc":32768,"gpiod":6712,"gpioe":272,"modeltime":0,"type":"gpio"}
,[23.4.2021 | 14:38:34] {"client-id":"175e4ea7-7057-4ac8-b011-24cdb33942eb","gpioa":0,"gpiob":0,"gpioc":32768,"gpiod":6712,"gpioe":272,"modeltime":0,"type":"gpio"}
,[23.4.2021 | 14:38:34] {"client-id":"175e4ea7-7057-4ac8-b011-24cdb33942eb","gpioa":0,"gpiob":0,"gpioc":32768,"gpiod":6712,"gpioe":272,"modeltime":0,"type":"gpio"}
,[23.4.2021 | 14:38:34] {"client-id":"175e4ea7-7057-4ac8-b011-24cdb33942eb","gpioa":0,"gpiob":0,"gpioc":32768,"gpiod":6712,"gpioe":272,"modeltime":0,"type":"gpio"}
,[23.4.2021 | 14:38:34] {"client-id":"175e4ea7-7057-4ac8-b011-24cdb33942eb","gpioa":0,"gpiob":0,"gpioc":32768,"gpiod":6712,"gpioe":272,"modeltime":0,"type":"gpio"}
,[23.4.2021 | 14:38:35] {"client-id":"175e4ea7-7057-4ac8-b011-24cdb33942eb","gpioa":0,"gpiob":0,"gpioc":32768,"gpiod":6712,"gpioe":272,"modeltime":0,"type":"gpio"}
,[23.4.2021 | 14:38:35] {"client-id":"175e4ea7-7057-4ac8-b011-24cdb33942eb","gpioa":0,"gpiob":0,"gpioc":32768,"gpiod":6712,"gpioe":272,"modeltime":0,"type":"gpio"}
,[23.4.2021 | 14:38:35] {"client-id":"175e4ea7-7057-4ac8-b011-24cdb33942eb","gpioa":0,"gpiob":0,"gpioc":32768,"gpiod":6712,"gpioe":272,"modeltime":0,"type":"gpio"}
,[23.4.2021 | 14:38:35] {"client-id":"175e4ea7-7057-4ac8-b011-24cdb33942eb","gpioa":0,"gpiob":0,"gpioc":32768,"gpiod":6712,"gpioe":272,"modeltime":0,"type":"gpio"}
,[23.4.2021 | 14:38:35] {"client-id":"175e4ea7-7057-4ac8-b011-24cdb33942eb","gpioa":0,"gpiob":0,"gpioc":32768,"gpiod":6712,"gpioe":272,"modeltime":0,"type":"gpio"}
,[23.4.2021 | 14:38:35] {"client-id":"175e4ea7-7057-4ac8-b011-24cdb33942eb","gpioa":0,"gpiob":0,"gpioc":32768,"gpiod":6712,"gpioe":272,"modeltime":0,"type":"gpio"}
,[23.4.2021 | 14:38:35] {"client-id":"175e4ea7-7057-4ac8-b011-24cdb33942eb","gpioa":0,"gpiob":0,"gpioc":32768,"gpiod":7032,"gpioe":272,"modeltime":0,"type":"gpio"}
,[23.4.2021 | 14:38:35] {"client-id":"175e4ea7-7057-4ac8-b011-24cdb33942eb","gpioa":0,"gpiob":0,"gpioc":32768,"gpiod":7032,"gpioe":272,"modeltime":0,"type":"gpio"}
,[23.4.2021 | 14:38:35] {"client-id":"175e4ea7-7057-4ac8-b011-24cdb33942eb","gpioa":0,"gpiob":0,"gpioc":32768,"gpiod":7032,"gpioe":272,"modeltime":0,"type":"gpio"}
,[23.4.2021 | 14:38:35] {"client-id":"175e4ea7-7057-4ac8-b011-24cdb33942eb","gpioa":0,"gpiob":0,"gpioc":32768,"gpiod":7032,"gpioe":272,"modeltime":0,"type":"gpio"}
,[23.4.2021 | 14:38:36] {"client-id":"175e4ea7-7057-4ac8-b011-24cdb33942eb","gpioa":0,"gpiob":0,"gpioc":32768,"gpiod":7032,"gpioe":272,"modeltime":0,"type":"gpio"}
,[23.4.2021 | 14:38:36] {"client-id":"175e4ea7-7057-4ac8-b011-24cdb33942eb","gpioa":0,"gpiob":0,"gpioc":32768,"gpiod":7032,"gpioe":272,"modeltime":0,"type":"gpio"}
,[23.4.2021 | 14:38:36] {"client-id":"175e4ea7-7057-4ac8-b011-24cdb33942eb","gpioa":0,"gpiob":0,"gpioc":32768,"gpiod":7032,"gpioe":272,"modeltime":0,"type":"gpio"}
,[23.4.2021 | 14:38:36] {"client-id":"175e4ea7-7057-4ac8-b011-24cdb33942eb","gpioa":0,"gpiob":0,"gpioc":32768,"gpiod":7032,"gpioe":272,"modeltime":0,"type":"gpio"}
,[23.4.2021 | 14:38:36] {"client-id":"175e4ea7-7057-4ac8-b011-24cdb33942eb","gpioa":0,"gpiob":0,"gpioc":32768,"gpiod":7032,"gpioe":272,"modeltime":0,"type":"gpio"}
,[23.4.2021 | 14:38:36] {"client-id":"175e4ea7-7057-4ac8-b011-24cdb33942eb","gpioa":0,"gpiob":0,"gpioc":32768,"gpiod":7032,"gpioe":272,"modeltime":0,"type":"gpio"}
,[23.4.2021 | 14:38:36] {"client-id":"175e4ea7-7057-4ac8-b011-24cdb33942eb","gpioa":0,"gpiob":0,"gpioc":32768,"gpiod":7032,"gpioe":272,"modeltime":0,"type":"gpio"}
,[23.4.2021 | 14:38:36] {"client-id":"175e4ea7-7057-4ac8-b011-24cdb33942eb","gpioa":0,"gpiob":0,"gpioc":32768,"gpiod":7032,"gpioe":272,"modeltime":0,"type":"gpio"}
,[23.4.2021 | 14:38:36] {"client-id":"175e4ea7-7057-4ac8-b011-24cdb33942eb","gpioa":0,"gpiob":0,"gpioc":32768,"gpiod":7032,"gpioe":272,"modeltime":0,"type":"gpio"}
,[23.4.2021 | 14:38:36] {"client-id":"175e4ea7-7057-4ac8-b011-24cdb33942eb","gpioa":0,"gpiob":0,"gpioc":32768,"gpiod":7032,"gpioe":272,"modeltime":0,"type":"gpio"}
,[23.4.2021 | 14:38:37] {"client-id":"175e4ea7-7057-4ac8-b011-24cdb33942eb","gpioa":0,"gpiob":0,"gpioc":32768,"gpiod":7032,"gpioe":272,"modeltime":0,"type":"gpio"}
,[23.4.2021 | 14:38:37] {"client-id":"175e4ea7-7057-4ac8-b011-24cdb33942eb","gpioa":0,"gpiob":0,"gpioc":32768,"gpiod":7032,"gpioe":1296,"modeltime":0,"type":"gpio"}
,[23.4.2021 | 14:38:37] {"client-id":"175e4ea7-7057-4ac8-b011-24cdb33942eb","gpioa":0,"gpiob":0,"gpioc":32768,"gpiod":7032,"gpioe":1296,"modeltime":0,"type":"gpio"}
,[23.4.2021 | 14:38:37] {"client-id":"175e4ea7-7057-4ac8-b011-24cdb33942eb","gpioa":0,"gpiob":0,"gpioc":32768,"gpiod":7032,"gpioe":1296,"modeltime":0,"type":"gpio"}
,[23.4.2021 | 14:38:37] {"client-id":"175e4ea7-7057-4ac8-b011-24cdb33942eb","gpioa":0,"gpiob":0,"gpioc":32768,"gpiod":7032,"gpioe":1296,"modeltime":0,"type":"gpio"}
,[23.4.2021 | 14:38:37] {"client-id":"175e4ea7-7057-4ac8-b011-24cdb33942eb","gpioa":0,"gpiob":0,"gpioc":32768,"gpiod":7032,"gpioe":1296,"modeltime":0,"type":"gpio"}
,[23.4.2021 | 14:38:37] {"client-id":"175e4ea7-7057-4ac8-b011-24cdb33942eb","gpioa":0,"gpiob":0,"gpioc":32768,"gpiod":6712,"gpioe":1296,"modeltime":0,"type":"gpio"}
,[23.4.2021 | 14:38:37] {"client-id":"175e4ea7-7057-4ac8-b011-24cdb33942eb","gpioa":0,"gpiob":0,"gpioc":32768,"gpiod":6712,"gpioe":1296,"modeltime":0,"type":"gpio"}
,[23.4.2021 | 14:38:37] {"client-id":"175e4ea7-7057-4ac8-b011-24cdb33942eb","gpioa":0,"gpiob":0,"gpioc":32768,"gpiod":6712,"gpioe":1296,"modeltime":0,"type":"gpio"}
,[23.4.2021 | 14:38:37] {"client-id":"175e4ea7-7057-4ac8-b011-24cdb33942eb","gpioa":0,"gpiob":0,"gpioc":32768,"gpiod":6712,"gpioe":1296,"modeltime":0,"type":"gpio"}
,[23.4.2021 | 14:38:38] {"client-id":"175e4ea7-7057-4ac8-b011-24cdb33942eb","gpioa":0,"gpiob":0,"gpioc":32768,"gpiod":6712,"gpioe":1296,"modeltime":0,"type":"gpio"}
,[23.4.2021 | 14:38:38] {"client-id":"175e4ea7-7057-4ac8-b011-24cdb33942eb","gpioa":0,"gpiob":0,"gpioc":32768,"gpiod":6712,"gpioe":1296,"modeltime":0,"type":"gpio"}
,[23.4.2021 | 14:38:38] {"client-id":"175e4ea7-7057-4ac8-b011-24cdb33942eb","gpioa":0,"gpiob":0,"gpioc":32768,"gpiod":6712,"gpioe":1296,"modeltime":0,"type":"gpio"}
,[23.4.2021 | 14:38:38] {"client-id":"175e4ea7-7057-4ac8-b011-24cdb33942eb","gpioa":0,"gpiob":0,"gpioc":32768,"gpiod":6712,"gpioe":1296,"modeltime":0,"type":"gpio"}
,[23.4.2021 | 14:38:38] {"client-id":"175e4ea7-7057-4ac8-b011-24cdb33942eb","gpioa":0,"gpiob":0,"gpioc":32768,"gpiod":6712,"gpioe":1296,"modeltime":0,"type":"gpio"}
,[23.4.2021 | 14:38:38] {"client-id":"175e4ea7-7057-4ac8-b011-24cdb33942eb","gpioa":0,"gpiob":0,"gpioc":32768,"gpiod":6712,"gpioe":1296,"modeltime":0,"type":"gpio"}
,[23.4.2021 | 14:38:38] {"client-id":"175e4ea7-7057-4ac8-b011-24cdb33942eb","gpioa":0,"gpiob":0,"gpioc":32768,"gpiod":6712,"gpioe":1296,"modeltime":0,"type":"gpio"}
,[23.4.2021 | 14:38:38] {"client-id":"175e4ea7-7057-4ac8-b011-24cdb33942eb","gpioa":0,"gpiob":0,"gpioc":32768,"gpiod":6712,"gpioe":1296,"modeltime":0,"type":"gpio"}
,[23.4.2021 | 14:38:38] {"client-id":"175e4ea7-7057-4ac8-b011-24cdb33942eb","gpioa":0,"gpiob":0,"gpioc":32768,"gpiod":6712,"gpioe":1296,"modeltime":0,"type":"gpio"}
,[23.4.2021 | 14:38:38] {"client-id":"175e4ea7-7057-4ac8-b011-24cdb33942eb","gpioa":0,"gpiob":0,"gpioc":32768,"gpiod":6712,"gpioe":1296,"modeltime":0,"type":"gpio"}
,[23.4.2021 | 14:38:39] {"client-id":"175e4ea7-7057-4ac8-b011-24cdb33942eb","gpioa":0,"gpiob":0,"gpioc":32768,"gpiod":6712,"gpioe":1296,"modeltime":0,"type":"gpio"}
,[23.4.2021 | 14:38:39] {"client-id":"175e4ea7-7057-4ac8-b011-24cdb33942eb","gpioa":0,"gpiob":0,"gpioc":32768,"gpiod":6168,"gpioe":1296,"modeltime":0,"type":"gpio"}
,[23.4.2021 | 14:38:39] {"client-id":"175e4ea7-7057-4ac8-b011-24cdb33942eb","gpioa":0,"gpiob":0,"gpioc":32768,"gpiod":6168,"gpioe":1040,"modeltime":0,"type":"gpio"}
,[23.4.2021 | 14:38:39] {"client-id":"175e4ea7-7057-4ac8-b011-24cdb33942eb","gpioa":0,"gpiob":0,"gpioc":32768,"gpiod":6168,"gpioe":1040,"modeltime":0,"type":"gpio"}
,[23.4.2021 | 14:38:39] {"client-id":"175e4ea7-7057-4ac8-b011-24cdb33942eb","gpioa":0,"gpiob":0,"gpioc":32768,"gpiod":6168,"gpioe":1040,"modeltime":0,"type":"gpio"}
,[23.4.2021 | 14:38:39] {"client-id":"175e4ea7-7057-4ac8-b011-24cdb33942eb","gpioa":0,"gpiob":0,"gpioc":32768,"gpiod":6168,"gpioe":1040,"modeltime":0,"type":"gpio"}
,[23.4.2021 | 14:38:39] {"client-id":"175e4ea7-7057-4ac8-b011-24cdb33942eb","gpioa":0,"gpiob":0,"gpioc":32768,"gpiod":6168,"gpioe":1040,"modeltime":0,"type":"gpio"}
,[23.4.2021 | 14:38:39] {"client-id":"175e4ea7-7057-4ac8-b011-24cdb33942eb","gpioa":0,"gpiob":0,"gpioc":32768,"gpiod":6168,"gpioe":1040,"modeltime":0,"type":"gpio"}
,[23.4.2021 | 14:38:39] {"client-id":"175e4ea7-7057-4ac8-b011-24cdb33942eb","gpioa":0,"gpiob":0,"gpioc":32768,"gpiod":6168,"gpioe":1040,"modeltime":0,"type":"gpio"}
,[23.4.2021 | 14:38:39] {"client-id":"175e4ea7-7057-4ac8-b011-24cdb33942eb","gpioa":0,"gpiob":0,"gpioc":32768,"gpiod":6168,"gpioe":1040,"modeltime":0,"type":"gpio"}
,[23.4.2021 | 14:38:40] {"client-id":"175e4ea7-7057-4ac8-b011-24cdb33942eb","gpioa":0,"gpiob":0,"gpioc":32768,"gpiod":6168,"gpioe":1040,"modeltime":0,"type":"gpio"}
,[23.4.2021 | 14:38:40] {"client-id":"175e4ea7-7057-4ac8-b011-24cdb33942eb","gpioa":0,"gpiob":0,"gpioc":32768,"gpiod":6168,"gpioe":1040,"modeltime":0,"type":"gpio"}
,[23.4.2021 | 14:38:40] {"client-id":"175e4ea7-7057-4ac8-b011-24cdb33942eb","gpioa":0,"gpiob":0,"gpioc":32768,"gpiod":6168,"gpioe":1040,"modeltime":0,"type":"gpio"}
,[23.4.2021 | 14:38:40] {"client-id":"175e4ea7-7057-4ac8-b011-24cdb33942eb","gpioa":0,"gpiob":0,"gpioc":32768,"gpiod":6168,"gpioe":1040,"modeltime":0,"type":"gpio"}
,[23.4.2021 | 14:38:40] {"client-id":"175e4ea7-7057-4ac8-b011-24cdb33942eb","gpioa":0,"gpiob":0,"gpioc":32768,"gpiod":6168,"gpioe":1040,"modeltime":0,"type":"gpio"}
,[23.4.2021 | 14:38:40] {"client-id":"175e4ea7-7057-4ac8-b011-24cdb33942eb","gpioa":0,"gpiob":0,"gpioc":32768,"gpiod":6168,"gpioe":1040,"modeltime":0,"type":"gpio"}
,[23.4.2021 | 14:38:40] {"client-id":"175e4ea7-7057-4ac8-b011-24cdb33942eb","gpioa":0,"gpiob":0,"gpioc":32768,"gpiod":6168,"gpioe":1040,"modeltime":0,"type":"gpio"}
,[23.4.2021 | 14:38:40] {"client-id":"175e4ea7-7057-4ac8-b011-24cdb33942eb","gpioa":0,"gpiob":0,"gpioc":32768,"gpiod":6168,"gpioe":1040,"modeltime":0,"type":"gpio"}
,[23.4.2021 | 14:38:40] {"client-id":"175e4ea7-7057-4ac8-b011-24cdb33942eb","gpioa":0,"gpiob":0,"gpioc":32768,"gpiod":6168,"gpioe":1040,"modeltime":0,"type":"gpio"}
,[23.4.2021 | 14:38:40] {"client-id":"175e4ea7-7057-4ac8-b011-24cdb33942eb","gpioa":0,"gpiob":0,"gpioc":32768,"gpiod":6168,"gpioe":1040,"modeltime":0,"type":"gpio"}
,[23.4.2021 | 14:38:41] {"client-id":"175e4ea7-7057-4ac8-b011-24cdb33942eb","gpioa":0,"gpiob":0,"gpioc":32768,"gpiod":6168,"gpioe":1040,"modeltime":0,"type":"gpio"}
,[23.4.2021 | 14:38:41] {"client-id":"175e4ea7-7057-4ac8-b011-24cdb33942eb","gpioa":0,"gpiob":0,"gpioc":32768,"gpiod":4104,"gpioe":1040,"modeltime":0,"type":"gpio"}
,[23.4.2021 | 14:38:41] {"client-id":"175e4ea7-7057-4ac8-b011-24cdb33942eb","gpioa":0,"gpiob":0,"gpioc":32768,"gpiod":4104,"gpioe":1040,"modeltime":0,"type":"gpio"}
,[23.4.2021 | 14:38:41] {"client-id":"175e4ea7-7057-4ac8-b011-24cdb33942eb","gpioa":0,"gpiob":0,"gpioc":32768,"gpiod":4104,"gpioe":1040,"modeltime":0,"type":"gpio"}
,[23.4.2021 | 14:38:41] {"client-id":"175e4ea7-7057-4ac8-b011-24cdb33942eb","gpioa":0,"gpiob":0,"gpioc":32768,"gpiod":4104,"gpioe":1040,"modeltime":0,"type":"gpio"}
,[23.4.2021 | 14:38:41] {"client-id":"175e4ea7-7057-4ac8-b011-24cdb33942eb","gpioa":0,"gpiob":0,"gpioc":32768,"gpiod":4104,"gpioe":1040,"modeltime":0,"type":"gpio"}
,[23.4.2021 | 14:38:41] {"client-id":"175e4ea7-7057-4ac8-b011-24cdb33942eb","gpioa":0,"gpiob":0,"gpioc":32768,"gpiod":4104,"gpioe":1040,"modeltime":0,"type":"gpio"}
,[23.4.2021 | 14:38:41] {"client-id":"175e4ea7-7057-4ac8-b011-24cdb33942eb","gpioa":0,"gpiob":0,"gpioc":32768,"gpiod":4104,"gpioe":1040,"modeltime":0,"type":"gpio"}
,[23.4.2021 | 14:38:41] {"client-id":"175e4ea7-7057-4ac8-b011-24cdb33942eb","gpioa":0,"gpiob":0,"gpioc":32768,"gpiod":4104,"gpioe":1040,"modeltime":0,"type":"gpio"}
,[23.4.2021 | 14:38:41] {"client-id":"175e4ea7-7057-4ac8-b011-24cdb33942eb","gpioa":0,"gpiob":0,"gpioc":32768,"gpiod":4104,"gpioe":1040,"modeltime":0,"type":"gpio"}
,[23.4.2021 | 14:38:42] {"client-id":"175e4ea7-7057-4ac8-b011-24cdb33942eb","gpioa":0,"gpiob":0,"gpioc":32768,"gpiod":4104,"gpioe":1040,"modeltime":0,"type":"gpio"}
,[23.4.2021 | 14:38:42] {"client-id":"175e4ea7-7057-4ac8-b011-24cdb33942eb","gpioa":0,"gpiob":0,"gpioc":32768,"gpiod":4104,"gpioe":1040,"modeltime":0,"type":"gpio"}
,[23.4.2021 | 14:38:42] {"client-id":"175e4ea7-7057-4ac8-b011-24cdb33942eb","gpioa":0,"gpiob":0,"gpioc":32768,"gpiod":4104,"gpioe":1040,"modeltime":0,"type":"gpio"}
,[23.4.2021 | 14:38:42] {"client-id":"175e4ea7-7057-4ac8-b011-24cdb33942eb","gpioa":0,"gpiob":0,"gpioc":32768,"gpiod":4104,"gpioe":1040,"modeltime":0,"type":"gpio"}
,[23.4.2021 | 14:38:42] {"client-id":"175e4ea7-7057-4ac8-b011-24cdb33942eb","gpioa":0,"gpiob":0,"gpioc":32768,"gpiod":4104,"gpioe":1040,"modeltime":0,"type":"gpio"}
,[23.4.2021 | 14:38:42] {"client-id":"175e4ea7-7057-4ac8-b011-24cdb33942eb","gpioa":0,"gpiob":0,"gpioc":32768,"gpiod":4104,"gpioe":1040,"modeltime":0,"type":"gpio"}
,[23.4.2021 | 14:38:42] {"client-id":"175e4ea7-7057-4ac8-b011-24cdb33942eb","gpioa":0,"gpiob":0,"gpioc":32768,"gpiod":0,"gpioe":1040,"modeltime":0,"type":"gpio"}
,[23.4.2021 | 14:38:42] {"client-id":"175e4ea7-7057-4ac8-b011-24cdb33942eb","gpioa":0,"gpiob":0,"gpioc":32768,"gpiod":0,"gpioe":1040,"modeltime":0,"type":"gpio"}
,[23.4.2021 | 14:38:42] {"client-id":"175e4ea7-7057-4ac8-b011-24cdb33942eb","gpioa":0,"gpiob":0,"gpioc":32768,"gpiod":0,"gpioe":1040,"modeltime":0,"type":"gpio"}
,[23.4.2021 | 14:38:42] {"client-id":"175e4ea7-7057-4ac8-b011-24cdb33942eb","gpioa":0,"gpiob":0,"gpioc":32768,"gpiod":0,"gpioe":1040,"modeltime":0,"type":"gpio"}
,[23.4.2021 | 14:38:43] {"client-id":"175e4ea7-7057-4ac8-b011-24cdb33942eb","gpioa":0,"gpiob":0,"gpioc":32768,"gpiod":0,"gpioe":1040,"modeltime":0,"type":"gpio"}
,[23.4.2021 | 14:38:43] {"client-id":"175e4ea7-7057-4ac8-b011-24cdb33942eb","gpioa":0,"gpiob":0,"gpioc":32768,"gpiod":0,"gpioe":1040,"modeltime":0,"type":"gpio"}
,[23.4.2021 | 14:38:43] {"client-id":"175e4ea7-7057-4ac8-b011-24cdb33942eb","gpioa":0,"gpiob":0,"gpioc":32768,"gpiod":0,"gpioe":1040,"modeltime":0,"type":"gpio"}
,[23.4.2021 | 14:38:43] {"client-id":"175e4ea7-7057-4ac8-b011-24cdb33942eb","gpioa":0,"gpiob":0,"gpioc":32768,"gpiod":0,"gpioe":1040,"modeltime":0,"type":"gpio"}
,[23.4.2021 | 14:38:43] {"client-id":"175e4ea7-7057-4ac8-b011-24cdb33942eb","gpioa":0,"gpiob":0,"gpioc":32768,"gpiod":0,"gpioe":1040,"modeltime":0,"type":"gpio"}
,[23.4.2021 | 14:38:43] {"client-id":"175e4ea7-7057-4ac8-b011-24cdb33942eb","gpioa":0,"gpiob":0,"gpioc":32768,"gpiod":0,"gpioe":1040,"modeltime":0,"type":"gpio"}
,[23.4.2021 | 14:38:43] {"client-id":"175e4ea7-7057-4ac8-b011-24cdb33942eb","gpioa":0,"gpiob":0,"gpioc":32768,"gpiod":0,"gpioe":1040,"modeltime":0,"type":"gpio"}
,[23.4.2021 | 14:38:43] {"client-id":"175e4ea7-7057-4ac8-b011-24cdb33942eb","gpioa":0,"gpiob":0,"gpioc":32768,"gpiod":0,"gpioe":1040,"modeltime":0,"type":"gpio"}
,[23.4.2021 | 14:38:43] {"client-id":"175e4ea7-7057-4ac8-b011-24cdb33942eb","gpioa":0,"gpiob":0,"gpioc":32768,"gpiod":0,"gpioe":1040,"modeltime":0,"type":"gpio"}
,[23.4.2021 | 14:38:43] {"client-id":"175e4ea7-7057-4ac8-b011-24cdb33942eb","gpioa":0,"gpiob":0,"gpioc":32768,"gpiod":0,"gpioe":1040,"modeltime":0,"type":"gpio"}
,[23.4.2021 | 14:38:44] {"client-id":"175e4ea7-7057-4ac8-b011-24cdb33942eb","gpioa":0,"gpiob":0,"gpioc":32768,"gpiod":0,"gpioe":1040,"modeltime":0,"type":"gpio"}
,[23.4.2021 | 14:38:44] {"client-id":"175e4ea7-7057-4ac8-b011-24cdb33942eb","gpioa":0,"gpiob":0,"gpioc":32768,"gpiod":4104,"gpioe":1040,"modeltime":0,"type":"gpio"}
,[23.4.2021 | 14:38:44] {"client-id":"175e4ea7-7057-4ac8-b011-24cdb33942eb","gpioa":0,"gpiob":0,"gpioc":32768,"gpiod":4104,"gpioe":1040,"modeltime":0,"type":"gpio"}
,[23.4.2021 | 14:38:44] {"client-id":"175e4ea7-7057-4ac8-b011-24cdb33942eb","gpioa":0,"gpiob":0,"gpioc":32768,"gpiod":4104,"gpioe":1040,"modeltime":0,"type":"gpio"}
,[23.4.2021 | 14:38:44] {"client-id":"175e4ea7-7057-4ac8-b011-24cdb33942eb","gpioa":0,"gpiob":0,"gpioc":32768,"gpiod":4104,"gpioe":1040,"modeltime":0,"type":"gpio"}
,[23.4.2021 | 14:38:44] {"client-id":"175e4ea7-7057-4ac8-b011-24cdb33942eb","gpioa":0,"gpiob":0,"gpioc":32768,"gpiod":4104,"gpioe":1040,"modeltime":0,"type":"gpio"}
,[23.4.2021 | 14:38:44] {"client-id":"175e4ea7-7057-4ac8-b011-24cdb33942eb","gpioa":0,"gpiob":0,"gpioc":32768,"gpiod":4104,"gpioe":1040,"modeltime":0,"type":"gpio"}
,[23.4.2021 | 14:38:44] {"client-id":"175e4ea7-7057-4ac8-b011-24cdb33942eb","gpioa":0,"gpiob":0,"gpioc":32768,"gpiod":4104,"gpioe":1040,"modeltime":0,"type":"gpio"}
,[23.4.2021 | 14:38:44] {"client-id":"175e4ea7-7057-4ac8-b011-24cdb33942eb","gpioa":0,"gpiob":0,"gpioc":32768,"gpiod":4104,"gpioe":1040,"modeltime":0,"type":"gpio"}
,[23.4.2021 | 14:38:44] {"client-id":"175e4ea7-7057-4ac8-b011-24cdb33942eb","gpioa":0,"gpiob":0,"gpioc":32768,"gpiod":4104,"gpioe":1040,"modeltime":0,"type":"gpio"}
,[23.4.2021 | 14:38:45] {"client-id":"175e4ea7-7057-4ac8-b011-24cdb33942eb","gpioa":0,"gpiob":0,"gpioc":32768,"gpiod":4104,"gpioe":1040,"modeltime":0,"type":"gpio"}
,[23.4.2021 | 14:38:45] {"client-id":"175e4ea7-7057-4ac8-b011-24cdb33942eb","gpioa":0,"gpiob":0,"gpioc":32768,"gpiod":4104,"gpioe":1040,"modeltime":0,"type":"gpio"}
,[23.4.2021 | 14:38:45] {"client-id":"175e4ea7-7057-4ac8-b011-24cdb33942eb","gpioa":0,"gpiob":0,"gpioc":32768,"gpiod":4104,"gpioe":1040,"modeltime":0,"type":"gpio"}
,[23.4.2021 | 14:38:45] {"client-id":"175e4ea7-7057-4ac8-b011-24cdb33942eb","gpioa":0,"gpiob":0,"gpioc":32768,"gpiod":4104,"gpioe":1040,"modeltime":0,"type":"gpio"}
,[23.4.2021 | 14:38:45] {"client-id":"175e4ea7-7057-4ac8-b011-24cdb33942eb","gpioa":0,"gpiob":0,"gpioc":32768,"gpiod":4104,"gpioe":1040,"modeltime":0,"type":"gpio"}
,[23.4.2021 | 14:38:45] {"client-id":"175e4ea7-7057-4ac8-b011-24cdb33942eb","gpioa":0,"gpiob":0,"gpioc":32768,"gpiod":4104,"gpioe":1040,"modeltime":0,"type":"gpio"}
,[23.4.2021 | 14:38:45] {"client-id":"175e4ea7-7057-4ac8-b011-24cdb33942eb","gpioa":0,"gpiob":0,"gpioc":32768,"gpiod":6168,"gpioe":1040,"modeltime":0,"type":"gpio"}
,[23.4.2021 | 14:38:45] {"client-id":"175e4ea7-7057-4ac8-b011-24cdb33942eb","gpioa":0,"gpiob":0,"gpioc":32768,"gpiod":6168,"gpioe":1040,"modeltime":0,"type":"gpio"}
,[23.4.2021 | 14:38:45] {"client-id":"175e4ea7-7057-4ac8-b011-24cdb33942eb","gpioa":0,"gpiob":0,"gpioc":32768,"gpiod":6168,"gpioe":1040,"modeltime":0,"type":"gpio"}
,[23.4.2021 | 14:38:45] {"client-id":"175e4ea7-7057-4ac8-b011-24cdb33942eb","gpioa":0,"gpiob":0,"gpioc":32768,"gpiod":6168,"gpioe":1040,"modeltime":0,"type":"gpio"}
,[23.4.2021 | 14:38:46] {"client-id":"175e4ea7-7057-4ac8-b011-24cdb33942eb","gpioa":0,"gpiob":0,"gpioc":32768,"gpiod":6168,"gpioe":1040,"modeltime":0,"type":"gpio"}
,[23.4.2021 | 14:38:46] {"client-id":"175e4ea7-7057-4ac8-b011-24cdb33942eb","gpioa":0,"gpiob":0,"gpioc":32768,"gpiod":6168,"gpioe":1040,"modeltime":0,"type":"gpio"}
,[23.4.2021 | 14:38:46] {"client-id":"175e4ea7-7057-4ac8-b011-24cdb33942eb","gpioa":0,"gpiob":0,"gpioc":32768,"gpiod":6168,"gpioe":1040,"modeltime":0,"type":"gpio"}
,[23.4.2021 | 14:38:46] {"client-id":"175e4ea7-7057-4ac8-b011-24cdb33942eb","gpioa":0,"gpiob":0,"gpioc":32768,"gpiod":6168,"gpioe":1040,"modeltime":0,"type":"gpio"}
,[23.4.2021 | 14:38:46] {"client-id":"175e4ea7-7057-4ac8-b011-24cdb33942eb","gpioa":0,"gpiob":0,"gpioc":32768,"gpiod":6168,"gpioe":1040,"modeltime":0,"type":"gpio"}
,[23.4.2021 | 14:38:46] {"client-id":"175e4ea7-7057-4ac8-b011-24cdb33942eb","gpioa":0,"gpiob":0,"gpioc":32768,"gpiod":6168,"gpioe":1040,"modeltime":0,"type":"gpio"}
,[23.4.2021 | 14:38:46] {"client-id":"175e4ea7-7057-4ac8-b011-24cdb33942eb","gpioa":0,"gpiob":0,"gpioc":32768,"gpiod":6168,"gpioe":1040,"modeltime":0,"type":"gpio"}
,[23.4.2021 | 14:38:46] {"client-id":"175e4ea7-7057-4ac8-b011-24cdb33942eb","gpioa":0,"gpiob":0,"gpioc":32768,"gpiod":6168,"gpioe":1040,"modeltime":0,"type":"gpio"}
,[23.4.2021 | 14:38:46] {"client-id":"175e4ea7-7057-4ac8-b011-24cdb33942eb","gpioa":0,"gpiob":0,"gpioc":32768,"gpiod":6168,"gpioe":1040,"modeltime":0,"type":"gpio"}
,[23.4.2021 | 14:38:46] {"client-id":"175e4ea7-7057-4ac8-b011-24cdb33942eb","gpioa":0,"gpiob":0,"gpioc":32768,"gpiod":6168,"gpioe":1040,"modeltime":0,"type":"gpio"}
,[23.4.2021 | 14:38:47] {"client-id":"175e4ea7-7057-4ac8-b011-24cdb33942eb","gpioa":0,"gpiob":0,"gpioc":32768,"gpiod":6168,"gpioe":1040,"modeltime":0,"type":"gpio"}
,[23.4.2021 | 14:38:47] {"client-id":"175e4ea7-7057-4ac8-b011-24cdb33942eb","gpioa":0,"gpiob":0,"gpioc":32768,"gpiod":6712,"gpioe":1040,"modeltime":0,"type":"gpio"}
,[23.4.2021 | 14:38:47] {"client-id":"175e4ea7-7057-4ac8-b011-24cdb33942eb","gpioa":0,"gpiob":0,"gpioc":32768,"gpiod":6712,"gpioe":1040,"modeltime":0,"type":"gpio"}
,[23.4.2021 | 14:38:47] {"client-id":"175e4ea7-7057-4ac8-b011-24cdb33942eb","gpioa":0,"gpiob":0,"gpioc":32768,"gpiod":6712,"gpioe":1040,"modeltime":0,"type":"gpio"}
,[23.4.2021 | 14:38:47] {"client-id":"175e4ea7-7057-4ac8-b011-24cdb33942eb","gpioa":0,"gpiob":0,"gpioc":32768,"gpiod":6712,"gpioe":1040,"modeltime":0,"type":"gpio"}
,[23.4.2021 | 14:38:47] {"client-id":"175e4ea7-7057-4ac8-b011-24cdb33942eb","gpioa":0,"gpiob":0,"gpioc":32768,"gpiod":6712,"gpioe":1040,"modeltime":0,"type":"gpio"}
,[23.4.2021 | 14:38:47] {"client-id":"175e4ea7-7057-4ac8-b011-24cdb33942eb","gpioa":0,"gpiob":0,"gpioc":32768,"gpiod":6712,"gpioe":1040,"modeltime":0,"type":"gpio"}
,[23.4.2021 | 14:38:47] {"client-id":"175e4ea7-7057-4ac8-b011-24cdb33942eb","gpioa":0,"gpiob":0,"gpioc":32768,"gpiod":6712,"gpioe":1040,"modeltime":0,"type":"gpio"}
,[23.4.2021 | 14:38:47] {"client-id":"175e4ea7-7057-4ac8-b011-24cdb33942eb","gpioa":0,"gpiob":0,"gpioc":32768,"gpiod":6712,"gpioe":1040,"modeltime":0,"type":"gpio"}
,[23.4.2021 | 14:38:47] {"client-id":"175e4ea7-7057-4ac8-b011-24cdb33942eb","gpioa":0,"gpiob":0,"gpioc":32768,"gpiod":6712,"gpioe":1040,"modeltime":0,"type":"gpio"}
,[23.4.2021 | 14:38:48] {"client-id":"175e4ea7-7057-4ac8-b011-24cdb33942eb","gpioa":0,"gpiob":0,"gpioc":32768,"gpiod":6712,"gpioe":1040,"modeltime":0,"type":"gpio"}
,[23.4.2021 | 14:38:48] {"client-id":"175e4ea7-7057-4ac8-b011-24cdb33942eb","gpioa":0,"gpiob":0,"gpioc":32768,"gpiod":6712,"gpioe":1040,"modeltime":0,"type":"gpio"}
,[23.4.2021 | 14:38:48] {"client-id":"175e4ea7-7057-4ac8-b011-24cdb33942eb","gpioa":0,"gpiob":0,"gpioc":32768,"gpiod":6712,"gpioe":1040,"modeltime":0,"type":"gpio"}
,[23.4.2021 | 14:38:48] {"client-id":"175e4ea7-7057-4ac8-b011-24cdb33942eb","gpioa":0,"gpiob":0,"gpioc":32768,"gpiod":6712,"gpioe":1040,"modeltime":0,"type":"gpio"}
,[23.4.2021 | 14:38:48] {"client-id":"175e4ea7-7057-4ac8-b011-24cdb33942eb","gpioa":0,"gpiob":0,"gpioc":32768,"gpiod":6712,"gpioe":1040,"modeltime":0,"type":"gpio"}
,[23.4.2021 | 14:38:48] {"client-id":"175e4ea7-7057-4ac8-b011-24cdb33942eb","gpioa":0,"gpiob":0,"gpioc":32768,"gpiod":6712,"gpioe":1040,"modeltime":0,"type":"gpio"}
,[23.4.2021 | 14:38:48] {"client-id":"175e4ea7-7057-4ac8-b011-24cdb33942eb","gpioa":0,"gpiob":0,"gpioc":32768,"gpiod":7032,"gpioe":1040,"modeltime":0,"type":"gpio"}
,[23.4.2021 | 14:38:48] {"client-id":"175e4ea7-7057-4ac8-b011-24cdb33942eb","gpioa":0,"gpiob":0,"gpioc":32768,"gpiod":7032,"gpioe":1040,"modeltime":0,"type":"gpio"}
,[23.4.2021 | 14:38:48] {"client-id":"175e4ea7-7057-4ac8-b011-24cdb33942eb","gpioa":0,"gpiob":0,"gpioc":32768,"gpiod":7032,"gpioe":1040,"modeltime":0,"type":"gpio"}
,[23.4.2021 | 14:38:48] {"client-id":"175e4ea7-7057-4ac8-b011-24cdb33942eb","gpioa":0,"gpiob":0,"gpioc":32768,"gpiod":7032,"gpioe":1040,"modeltime":0,"type":"gpio"}
,[23.4.2021 | 14:38:49] {"client-id":"175e4ea7-7057-4ac8-b011-24cdb33942eb","gpioa":0,"gpiob":0,"gpioc":32768,"gpiod":7032,"gpioe":1040,"modeltime":0,"type":"gpio"}
,[23.4.2021 | 14:38:49] {"client-id":"175e4ea7-7057-4ac8-b011-24cdb33942eb","gpioa":0,"gpiob":0,"gpioc":32768,"gpiod":7032,"gpioe":1040,"modeltime":0,"type":"gpio"}
,[23.4.2021 | 14:38:49] {"client-id":"175e4ea7-7057-4ac8-b011-24cdb33942eb","gpioa":0,"gpiob":0,"gpioc":32768,"gpiod":7032,"gpioe":1040,"modeltime":0,"type":"gpio"}
,[23.4.2021 | 14:38:49] {"client-id":"175e4ea7-7057-4ac8-b011-24cdb33942eb","gpioa":0,"gpiob":0,"gpioc":32768,"gpiod":7032,"gpioe":1040,"modeltime":0,"type":"gpio"}
,[23.4.2021 | 14:38:49] {"client-id":"175e4ea7-7057-4ac8-b011-24cdb33942eb","gpioa":0,"gpiob":0,"gpioc":32768,"gpiod":7032,"gpioe":1040,"modeltime":0,"type":"gpio"}
,[23.4.2021 | 14:38:49] {"client-id":"175e4ea7-7057-4ac8-b011-24cdb33942eb","gpioa":0,"gpiob":0,"gpioc":32768,"gpiod":7032,"gpioe":1040,"modeltime":0,"type":"gpio"}
,[23.4.2021 | 14:38:49] {"client-id":"175e4ea7-7057-4ac8-b011-24cdb33942eb","gpioa":0,"gpiob":0,"gpioc":32768,"gpiod":7032,"gpioe":1040,"modeltime":0,"type":"gpio"}
,[23.4.2021 | 14:38:49] {"client-id":"175e4ea7-7057-4ac8-b011-24cdb33942eb","gpioa":0,"gpiob":0,"gpioc":32768,"gpiod":7032,"gpioe":1040,"modeltime":0,"type":"gpio"}
,[23.4.2021 | 14:38:49] {"client-id":"175e4ea7-7057-4ac8-b011-24cdb33942eb","gpioa":0,"gpiob":0,"gpioc":32768,"gpiod":7032,"gpioe":1040,"modeltime":0,"type":"gpio"}
,[23.4.2021 | 14:38:49] {"client-id":"175e4ea7-7057-4ac8-b011-24cdb33942eb","gpioa":0,"gpiob":0,"gpioc":32768,"gpiod":7032,"gpioe":1040,"modeltime":0,"type":"gpio"}
,[23.4.2021 | 14:38:50] {"client-id":"175e4ea7-7057-4ac8-b011-24cdb33942eb","gpioa":0,"gpiob":0,"gpioc":32768,"gpiod":7032,"gpioe":1040,"modeltime":0,"type":"gpio"}
,[23.4.2021 | 14:38:50] {"client-id":"175e4ea7-7057-4ac8-b011-24cdb33942eb","gpioa":0,"gpiob":0,"gpioc":32768,"gpiod":6712,"gpioe":1040,"modeltime":0,"type":"gpio"}
,[23.4.2021 | 14:38:50] {"client-id":"175e4ea7-7057-4ac8-b011-24cdb33942eb","gpioa":0,"gpiob":0,"gpioc":32768,"gpiod":6712,"gpioe":1040,"modeltime":0,"type":"gpio"}
,[23.4.2021 | 14:38:50] {"client-id":"175e4ea7-7057-4ac8-b011-24cdb33942eb","gpioa":0,"gpiob":0,"gpioc":32768,"gpiod":6712,"gpioe":1040,"modeltime":0,"type":"gpio"}
,[23.4.2021 | 14:38:50] {"client-id":"175e4ea7-7057-4ac8-b011-24cdb33942eb","gpioa":0,"gpiob":0,"gpioc":32768,"gpiod":6712,"gpioe":1040,"modeltime":0,"type":"gpio"}
,[23.4.2021 | 14:38:50] {"client-id":"175e4ea7-7057-4ac8-b011-24cdb33942eb","gpioa":0,"gpiob":0,"gpioc":32768,"gpiod":6712,"gpioe":1040,"modeltime":0,"type":"gpio"}
,[23.4.2021 | 14:38:50] {"client-id":"175e4ea7-7057-4ac8-b011-24cdb33942eb","gpioa":0,"gpiob":0,"gpioc":32768,"gpiod":6712,"gpioe":1040,"modeltime":0,"type":"gpio"}
,[23.4.2021 | 14:38:50] {"client-id":"175e4ea7-7057-4ac8-b011-24cdb33942eb","gpioa":0,"gpiob":0,"gpioc":32768,"gpiod":6712,"gpioe":1040,"modeltime":0,"type":"gpio"}
,[23.4.2021 | 14:38:50] {"client-id":"175e4ea7-7057-4ac8-b011-24cdb33942eb","gpioa":0,"gpiob":0,"gpioc":32768,"gpiod":6712,"gpioe":1040,"modeltime":0,"type":"gpio"}
,[23.4.2021 | 14:38:50] {"client-id":"175e4ea7-7057-4ac8-b011-24cdb33942eb","gpioa":0,"gpiob":0,"gpioc":32768,"gpiod":6712,"gpioe":1040,"modeltime":0,"type":"gpio"}
,[23.4.2021 | 14:38:51] {"client-id":"175e4ea7-7057-4ac8-b011-24cdb33942eb","gpioa":0,"gpiob":0,"gpioc":32768,"gpiod":6712,"gpioe":1040,"modeltime":0,"type":"gpio"}
,[23.4.2021 | 14:38:51] {"client-id":"175e4ea7-7057-4ac8-b011-24cdb33942eb","gpioa":0,"gpiob":0,"gpioc":32768,"gpiod":6712,"gpioe":1040,"modeltime":0,"type":"gpio"}
,[23.4.2021 | 14:38:51] {"client-id":"175e4ea7-7057-4ac8-b011-24cdb33942eb","gpioa":0,"gpiob":0,"gpioc":32768,"gpiod":6712,"gpioe":1040,"modeltime":0,"type":"gpio"}
,[23.4.2021 | 14:38:51] {"client-id":"175e4ea7-7057-4ac8-b011-24cdb33942eb","gpioa":0,"gpiob":0,"gpioc":32768,"gpiod":6712,"gpioe":1040,"modeltime":0,"type":"gpio"}
,[23.4.2021 | 14:38:51] {"client-id":"175e4ea7-7057-4ac8-b011-24cdb33942eb","gpioa":0,"gpiob":0,"gpioc":32768,"gpiod":6712,"gpioe":1040,"modeltime":0,"type":"gpio"}
,[23.4.2021 | 14:38:51] {"client-id":"175e4ea7-7057-4ac8-b011-24cdb33942eb","gpioa":0,"gpiob":0,"gpioc":32768,"gpiod":6712,"gpioe":1040,"modeltime":0,"type":"gpio"}
,[23.4.2021 | 14:38:51] {"client-id":"175e4ea7-7057-4ac8-b011-24cdb33942eb","gpioa":0,"gpiob":0,"gpioc":32768,"gpiod":6168,"gpioe":1040,"modeltime":0,"type":"gpio"}
,[23.4.2021 | 14:38:51] {"client-id":"175e4ea7-7057-4ac8-b011-24cdb33942eb","gpioa":0,"gpiob":0,"gpioc":32768,"gpiod":6168,"gpioe":1040,"modeltime":0,"type":"gpio"}
,[23.4.2021 | 14:38:51] {"client-id":"175e4ea7-7057-4ac8-b011-24cdb33942eb","gpioa":0,"gpiob":0,"gpioc":32768,"gpiod":6168,"gpioe":1040,"modeltime":0,"type":"gpio"}
,[23.4.2021 | 14:38:51] {"client-id":"175e4ea7-7057-4ac8-b011-24cdb33942eb","gpioa":0,"gpiob":0,"gpioc":32768,"gpiod":6168,"gpioe":1040,"modeltime":0,"type":"gpio"}
,[23.4.2021 | 14:38:52] {"client-id":"175e4ea7-7057-4ac8-b011-24cdb33942eb","gpioa":0,"gpiob":0,"gpioc":32768,"gpiod":6168,"gpioe":1040,"modeltime":0,"type":"gpio"}
,[23.4.2021 | 14:38:52] {"client-id":"175e4ea7-7057-4ac8-b011-24cdb33942eb","gpioa":0,"gpiob":0,"gpioc":32768,"gpiod":6168,"gpioe":1040,"modeltime":0,"type":"gpio"}
,[23.4.2021 | 14:38:52] {"client-id":"175e4ea7-7057-4ac8-b011-24cdb33942eb","gpioa":0,"gpiob":0,"gpioc":32768,"gpiod":6168,"gpioe":1040,"modeltime":0,"type":"gpio"}
,[23.4.2021 | 14:38:52] {"client-id":"175e4ea7-7057-4ac8-b011-24cdb33942eb","gpioa":0,"gpiob":0,"gpioc":32768,"gpiod":6168,"gpioe":1040,"modeltime":0,"type":"gpio"}
,[23.4.2021 | 14:38:52] {"client-id":"175e4ea7-7057-4ac8-b011-24cdb33942eb","gpioa":0,"gpiob":0,"gpioc":32768,"gpiod":6168,"gpioe":1040,"modeltime":0,"type":"gpio"}
,[23.4.2021 | 14:38:52] {"client-id":"175e4ea7-7057-4ac8-b011-24cdb33942eb","gpioa":0,"gpiob":0,"gpioc":32768,"gpiod":6168,"gpioe":1040,"modeltime":0,"type":"gpio"}
,[23.4.2021 | 14:38:52] {"client-id":"175e4ea7-7057-4ac8-b011-24cdb33942eb","gpioa":0,"gpiob":0,"gpioc":32768,"gpiod":6168,"gpioe":1040,"modeltime":0,"type":"gpio"}
,[23.4.2021 | 14:38:52] {"client-id":"175e4ea7-7057-4ac8-b011-24cdb33942eb","gpioa":0,"gpiob":0,"gpioc":32768,"gpiod":6168,"gpioe":1040,"modeltime":0,"type":"gpio"}
,[23.4.2021 | 14:38:52] {"client-id":"175e4ea7-7057-4ac8-b011-24cdb33942eb","gpioa":0,"gpiob":0,"gpioc":32768,"gpiod":6168,"gpioe":1040,"modeltime":0,"type":"gpio"}
,[23.4.2021 | 14:38:52] {"client-id":"175e4ea7-7057-4ac8-b011-24cdb33942eb","gpioa":0,"gpiob":0,"gpioc":32768,"gpiod":6168,"gpioe":1040,"modeltime":0,"type":"gpio"}
,[23.4.2021 | 14:38:53] {"client-id":"175e4ea7-7057-4ac8-b011-24cdb33942eb","gpioa":0,"gpiob":0,"gpioc":32768,"gpiod":6168,"gpioe":1040,"modeltime":0,"type":"gpio"}
,[23.4.2021 | 14:38:53] {"client-id":"175e4ea7-7057-4ac8-b011-24cdb33942eb","gpioa":0,"gpiob":0,"gpioc":32768,"gpiod":4104,"gpioe":1040,"modeltime":0,"type":"gpio"}
,[23.4.2021 | 14:38:53] {"client-id":"175e4ea7-7057-4ac8-b011-24cdb33942eb","gpioa":0,"gpiob":0,"gpioc":32768,"gpiod":4104,"gpioe":1040,"modeltime":0,"type":"gpio"}
,[23.4.2021 | 14:38:53] {"client-id":"175e4ea7-7057-4ac8-b011-24cdb33942eb","gpioa":0,"gpiob":0,"gpioc":32768,"gpiod":4104,"gpioe":1040,"modeltime":0,"type":"gpio"}
,[23.4.2021 | 14:38:53] {"client-id":"175e4ea7-7057-4ac8-b011-24cdb33942eb","gpioa":0,"gpiob":0,"gpioc":32768,"gpiod":4104,"gpioe":1040,"modeltime":0,"type":"gpio"}
,[23.4.2021 | 14:38:53] {"client-id":"175e4ea7-7057-4ac8-b011-24cdb33942eb","gpioa":0,"gpiob":0,"gpioc":32768,"gpiod":4104,"gpioe":1040,"modeltime":0,"type":"gpio"}
,[23.4.2021 | 14:38:53] {"client-id":"175e4ea7-7057-4ac8-b011-24cdb33942eb","gpioa":0,"gpiob":0,"gpioc":32768,"gpiod":4104,"gpioe":1040,"modeltime":0,"type":"gpio"}
,[23.4.2021 | 14:38:53] {"client-id":"175e4ea7-7057-4ac8-b011-24cdb33942eb","gpioa":0,"gpiob":0,"gpioc":32768,"gpiod":4104,"gpioe":1040,"modeltime":0,"type":"gpio"}
,[23.4.2021 | 14:38:53] {"client-id":"175e4ea7-7057-4ac8-b011-24cdb33942eb","gpioa":0,"gpiob":0,"gpioc":32768,"gpiod":4104,"gpioe":1040,"modeltime":0,"type":"gpio"}
,[23.4.2021 | 14:38:53] {"client-id":"175e4ea7-7057-4ac8-b011-24cdb33942eb","gpioa":0,"gpiob":0,"gpioc":32768,"gpiod":4104,"gpioe":1040,"modeltime":0,"type":"gpio"}
,[23.4.2021 | 14:38:54] {"client-id":"175e4ea7-7057-4ac8-b011-24cdb33942eb","gpioa":0,"gpiob":0,"gpioc":32768,"gpiod":4104,"gpioe":1040,"modeltime":0,"type":"gpio"}
,[23.4.2021 | 14:38:54] {"client-id":"175e4ea7-7057-4ac8-b011-24cdb33942eb","gpioa":0,"gpiob":0,"gpioc":32768,"gpiod":4104,"gpioe":1040,"modeltime":0,"type":"gpio"}
,[23.4.2021 | 14:38:54] {"client-id":"175e4ea7-7057-4ac8-b011-24cdb33942eb","gpioa":0,"gpiob":0,"gpioc":32768,"gpiod":4104,"gpioe":1040,"modeltime":0,"type":"gpio"}
,[23.4.2021 | 14:38:54] {"client-id":"175e4ea7-7057-4ac8-b011-24cdb33942eb","gpioa":0,"gpiob":0,"gpioc":32768,"gpiod":4104,"gpioe":1040,"modeltime":0,"type":"gpio"}
,[23.4.2021 | 14:38:54] {"client-id":"175e4ea7-7057-4ac8-b011-24cdb33942eb","gpioa":0,"gpiob":0,"gpioc":32768,"gpiod":4104,"gpioe":1040,"modeltime":0,"type":"gpio"}
,[23.4.2021 | 14:38:54] {"client-id":"175e4ea7-7057-4ac8-b011-24cdb33942eb","gpioa":0,"gpiob":0,"gpioc":32768,"gpiod":4104,"gpioe":1040,"modeltime":0,"type":"gpio"}
,[23.4.2021 | 14:38:54] {"client-id":"175e4ea7-7057-4ac8-b011-24cdb33942eb","gpioa":0,"gpiob":0,"gpioc":32768,"gpiod":0,"gpioe":1040,"modeltime":0,"type":"gpio"}
,[23.4.2021 | 14:38:54] {"client-id":"175e4ea7-7057-4ac8-b011-24cdb33942eb","gpioa":0,"gpiob":0,"gpioc":32768,"gpiod":0,"gpioe":1040,"modeltime":0,"type":"gpio"}
,[23.4.2021 | 14:38:54] {"client-id":"175e4ea7-7057-4ac8-b011-24cdb33942eb","gpioa":0,"gpiob":0,"gpioc":32768,"gpiod":0,"gpioe":1040,"modeltime":0,"type":"gpio"}
,[23.4.2021 | 14:38:54] {"client-id":"175e4ea7-7057-4ac8-b011-24cdb33942eb","gpioa":0,"gpiob":0,"gpioc":32768,"gpiod":0,"gpioe":1040,"modeltime":0,"type":"gpio"}
,[23.4.2021 | 14:38:55] {"client-id":"175e4ea7-7057-4ac8-b011-24cdb33942eb","gpioa":0,"gpiob":0,"gpioc":32768,"gpiod":0,"gpioe":1040,"modeltime":0,"type":"gpio"}
,[23.4.2021 | 14:38:55] {"client-id":"175e4ea7-7057-4ac8-b011-24cdb33942eb","gpioa":0,"gpiob":0,"gpioc":32768,"gpiod":0,"gpioe":1040,"modeltime":0,"type":"gpio"}
,[23.4.2021 | 14:38:55] {"client-id":"175e4ea7-7057-4ac8-b011-24cdb33942eb","gpioa":0,"gpiob":0,"gpioc":32768,"gpiod":0,"gpioe":1040,"modeltime":0,"type":"gpio"}
,[23.4.2021 | 14:38:55] {"client-id":"175e4ea7-7057-4ac8-b011-24cdb33942eb","gpioa":0,"gpiob":0,"gpioc":32768,"gpiod":0,"gpioe":1040,"modeltime":0,"type":"gpio"}
,[23.4.2021 | 14:38:55] {"client-id":"175e4ea7-7057-4ac8-b011-24cdb33942eb","gpioa":0,"gpiob":0,"gpioc":32768,"gpiod":0,"gpioe":1040,"modeltime":0,"type":"gpio"}
,[23.4.2021 | 14:38:55] {"client-id":"175e4ea7-7057-4ac8-b011-24cdb33942eb","gpioa":0,"gpiob":0,"gpioc":32768,"gpiod":0,"gpioe":1040,"modeltime":0,"type":"gpio"}
,[23.4.2021 | 14:38:55] {"client-id":"175e4ea7-7057-4ac8-b011-24cdb33942eb","gpioa":0,"gpiob":0,"gpioc":32768,"gpiod":0,"gpioe":1040,"modeltime":0,"type":"gpio"}
,[23.4.2021 | 14:38:55] {"client-id":"175e4ea7-7057-4ac8-b011-24cdb33942eb","gpioa":0,"gpiob":0,"gpioc":32768,"gpiod":0,"gpioe":1040,"modeltime":0,"type":"gpio"}
,[23.4.2021 | 14:38:55] {"client-id":"175e4ea7-7057-4ac8-b011-24cdb33942eb","gpioa":0,"gpiob":0,"gpioc":32768,"gpiod":0,"gpioe":1040,"modeltime":0,"type":"gpio"}
,[23.4.2021 | 14:38:55] {"client-id":"175e4ea7-7057-4ac8-b011-24cdb33942eb","gpioa":0,"gpiob":0,"gpioc":32768,"gpiod":0,"gpioe":1040,"modeltime":0,"type":"gpio"}
,[23.4.2021 | 14:38:56] {"client-id":"175e4ea7-7057-4ac8-b011-24cdb33942eb","gpioa":0,"gpiob":0,"gpioc":32768,"gpiod":0,"gpioe":1040,"modeltime":0,"type":"gpio"}
,[23.4.2021 | 14:38:56] {"client-id":"175e4ea7-7057-4ac8-b011-24cdb33942eb","gpioa":0,"gpiob":0,"gpioc":32768,"gpiod":4104,"gpioe":1040,"modeltime":0,"type":"gpio"}
,[23.4.2021 | 14:38:56] {"client-id":"175e4ea7-7057-4ac8-b011-24cdb33942eb","gpioa":0,"gpiob":0,"gpioc":32768,"gpiod":4104,"gpioe":1040,"modeltime":0,"type":"gpio"}
,[23.4.2021 | 14:38:56] {"client-id":"175e4ea7-7057-4ac8-b011-24cdb33942eb","gpioa":0,"gpiob":0,"gpioc":32768,"gpiod":4104,"gpioe":1040,"modeltime":0,"type":"gpio"}
,[23.4.2021 | 14:38:56] {"client-id":"175e4ea7-7057-4ac8-b011-24cdb33942eb","gpioa":0,"gpiob":0,"gpioc":32768,"gpiod":4104,"gpioe":1040,"modeltime":0,"type":"gpio"}
,[23.4.2021 | 14:38:56] {"client-id":"175e4ea7-7057-4ac8-b011-24cdb33942eb","gpioa":0,"gpiob":0,"gpioc":32768,"gpiod":4104,"gpioe":1040,"modeltime":0,"type":"gpio"}
,[23.4.2021 | 14:38:56] {"client-id":"175e4ea7-7057-4ac8-b011-24cdb33942eb","gpioa":0,"gpiob":0,"gpioc":32768,"gpiod":4104,"gpioe":1040,"modeltime":0,"type":"gpio"}
,[23.4.2021 | 14:38:56] {"client-id":"175e4ea7-7057-4ac8-b011-24cdb33942eb","gpioa":0,"gpiob":0,"gpioc":32768,"gpiod":4104,"gpioe":1040,"modeltime":0,"type":"gpio"}
,[23.4.2021 | 14:38:56] {"client-id":"175e4ea7-7057-4ac8-b011-24cdb33942eb","gpioa":0,"gpiob":0,"gpioc":32768,"gpiod":4104,"gpioe":1040,"modeltime":0,"type":"gpio"}
,[23.4.2021 | 14:38:56] {"client-id":"175e4ea7-7057-4ac8-b011-24cdb33942eb","gpioa":0,"gpiob":0,"gpioc":32768,"gpiod":4104,"gpioe":1040,"modeltime":0,"type":"gpio"}
,[23.4.2021 | 14:38:57] {"client-id":"175e4ea7-7057-4ac8-b011-24cdb33942eb","gpioa":0,"gpiob":0,"gpioc":32768,"gpiod":4104,"gpioe":1040,"modeltime":0,"type":"gpio"}
,[23.4.2021 | 14:38:57] {"client-id":"175e4ea7-7057-4ac8-b011-24cdb33942eb","gpioa":0,"gpiob":0,"gpioc":32768,"gpiod":4104,"gpioe":1040,"modeltime":0,"type":"gpio"}
,[23.4.2021 | 14:38:57] {"client-id":"175e4ea7-7057-4ac8-b011-24cdb33942eb","gpioa":0,"gpiob":0,"gpioc":32768,"gpiod":4104,"gpioe":1040,"modeltime":0,"type":"gpio"}
,[23.4.2021 | 14:38:57] {"client-id":"175e4ea7-7057-4ac8-b011-24cdb33942eb","gpioa":0,"gpiob":0,"gpioc":32768,"gpiod":4104,"gpioe":1040,"modeltime":0,"type":"gpio"}
,[23.4.2021 | 14:38:57] {"client-id":"175e4ea7-7057-4ac8-b011-24cdb33942eb","gpioa":0,"gpiob":0,"gpioc":32768,"gpiod":4104,"gpioe":1040,"modeltime":0,"type":"gpio"}
,[23.4.2021 | 14:38:57] {"client-id":"175e4ea7-7057-4ac8-b011-24cdb33942eb","gpioa":0,"gpiob":0,"gpioc":32768,"gpiod":4104,"gpioe":1040,"modeltime":0,"type":"gpio"}
,[23.4.2021 | 14:38:57] {"client-id":"175e4ea7-7057-4ac8-b011-24cdb33942eb","gpioa":0,"gpiob":0,"gpioc":32768,"gpiod":6168,"gpioe":1040,"modeltime":0,"type":"gpio"}
,[23.4.2021 | 14:38:57] {"client-id":"175e4ea7-7057-4ac8-b011-24cdb33942eb","gpioa":0,"gpiob":0,"gpioc":32768,"gpiod":6168,"gpioe":1040,"modeltime":0,"type":"gpio"}
,[23.4.2021 | 14:38:57] {"client-id":"175e4ea7-7057-4ac8-b011-24cdb33942eb","gpioa":0,"gpiob":0,"gpioc":32768,"gpiod":6168,"gpioe":1040,"modeltime":0,"type":"gpio"}
,[23.4.2021 | 14:38:57] {"client-id":"175e4ea7-7057-4ac8-b011-24cdb33942eb","gpioa":0,"gpiob":0,"gpioc":32768,"gpiod":6168,"gpioe":1040,"modeltime":0,"type":"gpio"}
,[23.4.2021 | 14:38:58] {"client-id":"175e4ea7-7057-4ac8-b011-24cdb33942eb","gpioa":0,"gpiob":0,"gpioc":32768,"gpiod":6168,"gpioe":1040,"modeltime":0,"type":"gpio"}
,[23.4.2021 | 14:38:58] {"client-id":"175e4ea7-7057-4ac8-b011-24cdb33942eb","gpioa":0,"gpiob":0,"gpioc":32768,"gpiod":6168,"gpioe":1040,"modeltime":0,"type":"gpio"}
,[23.4.2021 | 14:38:58] {"client-id":"175e4ea7-7057-4ac8-b011-24cdb33942eb","gpioa":0,"gpiob":0,"gpioc":32768,"gpiod":6168,"gpioe":1040,"modeltime":0,"type":"gpio"}
,[23.4.2021 | 14:38:58] {"client-id":"175e4ea7-7057-4ac8-b011-24cdb33942eb","gpioa":0,"gpiob":0,"gpioc":32768,"gpiod":6168,"gpioe":1040,"modeltime":0,"type":"gpio"}
,[23.4.2021 | 14:38:58] {"client-id":"175e4ea7-7057-4ac8-b011-24cdb33942eb","gpioa":0,"gpiob":0,"gpioc":32768,"gpiod":6168,"gpioe":1040,"modeltime":0,"type":"gpio"}
,[23.4.2021 | 14:38:58] {"client-id":"175e4ea7-7057-4ac8-b011-24cdb33942eb","gpioa":0,"gpiob":0,"gpioc":32768,"gpiod":6168,"gpioe":1040,"modeltime":0,"type":"gpio"}
,[23.4.2021 | 14:38:58] {"client-id":"175e4ea7-7057-4ac8-b011-24cdb33942eb","gpioa":0,"gpiob":0,"gpioc":32768,"gpiod":6168,"gpioe":1040,"modeltime":0,"type":"gpio"}
,[23.4.2021 | 14:38:58] {"client-id":"175e4ea7-7057-4ac8-b011-24cdb33942eb","gpioa":0,"gpiob":0,"gpioc":32768,"gpiod":6168,"gpioe":1040,"modeltime":0,"type":"gpio"}
,[23.4.2021 | 14:38:58] {"client-id":"175e4ea7-7057-4ac8-b011-24cdb33942eb","gpioa":0,"gpiob":0,"gpioc":32768,"gpiod":6168,"gpioe":1040,"modeltime":0,"type":"gpio"}
,[23.4.2021 | 14:38:58] {"client-id":"175e4ea7-7057-4ac8-b011-24cdb33942eb","gpioa":0,"gpiob":0,"gpioc":32768,"gpiod":6168,"gpioe":1040,"modeltime":0,"type":"gpio"}
,[23.4.2021 | 14:38:59] {"client-id":"175e4ea7-7057-4ac8-b011-24cdb33942eb","gpioa":0,"gpiob":0,"gpioc":32768,"gpiod":6168,"gpioe":1040,"modeltime":0,"type":"gpio"}
,[23.4.2021 | 14:38:59] {"client-id":"175e4ea7-7057-4ac8-b011-24cdb33942eb","gpioa":0,"gpiob":0,"gpioc":32768,"gpiod":6712,"gpioe":1040,"modeltime":0,"type":"gpio"}
,[23.4.2021 | 14:38:59] {"client-id":"175e4ea7-7057-4ac8-b011-24cdb33942eb","gpioa":0,"gpiob":0,"gpioc":32768,"gpiod":6712,"gpioe":1040,"modeltime":0,"type":"gpio"}
,[23.4.2021 | 14:38:59] {"client-id":"175e4ea7-7057-4ac8-b011-24cdb33942eb","gpioa":0,"gpiob":0,"gpioc":32768,"gpiod":6712,"gpioe":1040,"modeltime":0,"type":"gpio"}
,[23.4.2021 | 14:38:59] {"client-id":"175e4ea7-7057-4ac8-b011-24cdb33942eb","gpioa":0,"gpiob":0,"gpioc":32768,"gpiod":6712,"gpioe":1040,"modeltime":0,"type":"gpio"}
,[23.4.2021 | 14:38:59] {"client-id":"175e4ea7-7057-4ac8-b011-24cdb33942eb","gpioa":0,"gpiob":0,"gpioc":32768,"gpiod":6712,"gpioe":1040,"modeltime":0,"type":"gpio"}
,[23.4.2021 | 14:38:59] {"client-id":"175e4ea7-7057-4ac8-b011-24cdb33942eb","gpioa":0,"gpiob":0,"gpioc":32768,"gpiod":6712,"gpioe":1040,"modeltime":0,"type":"gpio"}
,[23.4.2021 | 14:38:59] {"client-id":"175e4ea7-7057-4ac8-b011-24cdb33942eb","gpioa":0,"gpiob":0,"gpioc":32768,"gpiod":6712,"gpioe":1040,"modeltime":0,"type":"gpio"}
,[23.4.2021 | 14:38:59] {"client-id":"175e4ea7-7057-4ac8-b011-24cdb33942eb","gpioa":0,"gpiob":0,"gpioc":32768,"gpiod":6712,"gpioe":1040,"modeltime":0,"type":"gpio"}
,[23.4.2021 | 14:38:59] {"client-id":"175e4ea7-7057-4ac8-b011-24cdb33942eb","gpioa":0,"gpiob":0,"gpioc":32768,"gpiod":6712,"gpioe":1040,"modeltime":0,"type":"gpio"}
,[23.4.2021 | 14:39:0] {"client-id":"175e4ea7-7057-4ac8-b011-24cdb33942eb","gpioa":0,"gpiob":0,"gpioc":32768,"gpiod":6712,"gpioe":1040,"modeltime":0,"type":"gpio"}
,[23.4.2021 | 14:39:0] {"client-id":"175e4ea7-7057-4ac8-b011-24cdb33942eb","gpioa":0,"gpiob":0,"gpioc":32768,"gpiod":6712,"gpioe":1040,"modeltime":0,"type":"gpio"}
,[23.4.2021 | 14:39:0] {"client-id":"175e4ea7-7057-4ac8-b011-24cdb33942eb","gpioa":0,"gpiob":0,"gpioc":32768,"gpiod":6712,"gpioe":1040,"modeltime":0,"type":"gpio"}
,[23.4.2021 | 14:39:0] {"client-id":"175e4ea7-7057-4ac8-b011-24cdb33942eb","gpioa":0,"gpiob":0,"gpioc":32768,"gpiod":6712,"gpioe":1040,"modeltime":0,"type":"gpio"}
,[23.4.2021 | 14:39:0] {"client-id":"175e4ea7-7057-4ac8-b011-24cdb33942eb","gpioa":0,"gpiob":0,"gpioc":32768,"gpiod":6712,"gpioe":1040,"modeltime":0,"type":"gpio"}
,[23.4.2021 | 14:39:0] {"client-id":"175e4ea7-7057-4ac8-b011-24cdb33942eb","gpioa":0,"gpiob":0,"gpioc":32768,"gpiod":6712,"gpioe":1040,"modeltime":0,"type":"gpio"}
,[23.4.2021 | 14:39:0] {"client-id":"175e4ea7-7057-4ac8-b011-24cdb33942eb","gpioa":0,"gpiob":0,"gpioc":32768,"gpiod":7032,"gpioe":1040,"modeltime":0,"type":"gpio"}
,[23.4.2021 | 14:39:0] {"client-id":"175e4ea7-7057-4ac8-b011-24cdb33942eb","gpioa":0,"gpiob":0,"gpioc":32768,"gpiod":7032,"gpioe":1040,"modeltime":0,"type":"gpio"}
,[23.4.2021 | 14:39:0] {"client-id":"175e4ea7-7057-4ac8-b011-24cdb33942eb","gpioa":0,"gpiob":0,"gpioc":32768,"gpiod":7032,"gpioe":1040,"modeltime":0,"type":"gpio"}
,[23.4.2021 | 14:39:0] {"client-id":"175e4ea7-7057-4ac8-b011-24cdb33942eb","gpioa":0,"gpiob":0,"gpioc":32768,"gpiod":7032,"gpioe":1040,"modeltime":0,"type":"gpio"}
,[23.4.2021 | 14:39:1] {"client-id":"175e4ea7-7057-4ac8-b011-24cdb33942eb","gpioa":0,"gpiob":0,"gpioc":32768,"gpiod":7032,"gpioe":1040,"modeltime":0,"type":"gpio"}
,[23.4.2021 | 14:39:1] {"client-id":"175e4ea7-7057-4ac8-b011-24cdb33942eb","gpioa":0,"gpiob":0,"gpioc":32768,"gpiod":7032,"gpioe":1040,"modeltime":0,"type":"gpio"}
,[23.4.2021 | 14:39:1] {"client-id":"175e4ea7-7057-4ac8-b011-24cdb33942eb","gpioa":0,"gpiob":0,"gpioc":32768,"gpiod":7032,"gpioe":1040,"modeltime":0,"type":"gpio"}
,[23.4.2021 | 14:39:1] {"client-id":"175e4ea7-7057-4ac8-b011-24cdb33942eb","gpioa":0,"gpiob":0,"gpioc":32768,"gpiod":7032,"gpioe":1040,"modeltime":0,"type":"gpio"}
,[23.4.2021 | 14:39:1] {"client-id":"175e4ea7-7057-4ac8-b011-24cdb33942eb","gpioa":0,"gpiob":0,"gpioc":32768,"gpiod":7032,"gpioe":1040,"modeltime":0,"type":"gpio"}
,[23.4.2021 | 14:39:1] {"client-id":"175e4ea7-7057-4ac8-b011-24cdb33942eb","gpioa":0,"gpiob":0,"gpioc":32768,"gpiod":7032,"gpioe":1040,"modeltime":0,"type":"gpio"}
,[23.4.2021 | 14:39:1] {"client-id":"175e4ea7-7057-4ac8-b011-24cdb33942eb","gpioa":0,"gpiob":0,"gpioc":32768,"gpiod":7032,"gpioe":1040,"modeltime":0,"type":"gpio"}
,[23.4.2021 | 14:39:1] {"client-id":"175e4ea7-7057-4ac8-b011-24cdb33942eb","gpioa":0,"gpiob":0,"gpioc":32768,"gpiod":7032,"gpioe":1040,"modeltime":0,"type":"gpio"}
,[23.4.2021 | 14:39:1] {"client-id":"175e4ea7-7057-4ac8-b011-24cdb33942eb","gpioa":0,"gpiob":0,"gpioc":32768,"gpiod":7032,"gpioe":1040,"modeltime":0,"type":"gpio"}
,[23.4.2021 | 14:39:1] {"client-id":"175e4ea7-7057-4ac8-b011-24cdb33942eb","gpioa":0,"gpiob":0,"gpioc":32768,"gpiod":7032,"gpioe":1040,"modeltime":0,"type":"gpio"}
,[23.4.2021 | 14:39:2] {"client-id":"175e4ea7-7057-4ac8-b011-24cdb33942eb","gpioa":0,"gpiob":0,"gpioc":32768,"gpiod":7032,"gpioe":1040,"modeltime":0,"type":"gpio"}
,[23.4.2021 | 14:39:2] {"client-id":"175e4ea7-7057-4ac8-b011-24cdb33942eb","gpioa":0,"gpiob":0,"gpioc":32768,"gpiod":6712,"gpioe":1040,"modeltime":0,"type":"gpio"}
,[23.4.2021 | 14:39:2] {"client-id":"175e4ea7-7057-4ac8-b011-24cdb33942eb","gpioa":0,"gpiob":0,"gpioc":32768,"gpiod":6712,"gpioe":1040,"modeltime":0,"type":"gpio"}
,[23.4.2021 | 14:39:2] {"client-id":"175e4ea7-7057-4ac8-b011-24cdb33942eb","gpioa":0,"gpiob":0,"gpioc":32768,"gpiod":6712,"gpioe":1040,"modeltime":0,"type":"gpio"}
,[23.4.2021 | 14:39:2] {"client-id":"175e4ea7-7057-4ac8-b011-24cdb33942eb","gpioa":0,"gpiob":0,"gpioc":32768,"gpiod":6712,"gpioe":1040,"modeltime":0,"type":"gpio"}
,[23.4.2021 | 14:39:2] {"client-id":"175e4ea7-7057-4ac8-b011-24cdb33942eb","gpioa":0,"gpiob":0,"gpioc":32768,"gpiod":6712,"gpioe":1040,"modeltime":0,"type":"gpio"}
,[23.4.2021 | 14:39:2] {"client-id":"175e4ea7-7057-4ac8-b011-24cdb33942eb","gpioa":0,"gpiob":0,"gpioc":32768,"gpiod":6712,"gpioe":1024,"modeltime":0,"type":"gpio"}
,[23.4.2021 | 14:39:2] {"client-id":"175e4ea7-7057-4ac8-b011-24cdb33942eb","gpioa":0,"gpiob":0,"gpioc":32768,"gpiod":6712,"gpioe":1024,"modeltime":0,"type":"gpio"}
,[23.4.2021 | 14:39:2] {"client-id":"175e4ea7-7057-4ac8-b011-24cdb33942eb","gpioa":0,"gpiob":0,"gpioc":32768,"gpiod":6712,"gpioe":1024,"modeltime":0,"type":"gpio"}
,[23.4.2021 | 14:39:2] {"client-id":"175e4ea7-7057-4ac8-b011-24cdb33942eb","gpioa":0,"gpiob":0,"gpioc":32768,"gpiod":6712,"gpioe":1024,"modeltime":0,"type":"gpio"}
,[23.4.2021 | 14:39:3] {"client-id":"175e4ea7-7057-4ac8-b011-24cdb33942eb","gpioa":0,"gpiob":0,"gpioc":32768,"gpiod":6712,"gpioe":1024,"modeltime":0,"type":"gpio"}
,[23.4.2021 | 14:39:3] {"client-id":"175e4ea7-7057-4ac8-b011-24cdb33942eb","gpioa":0,"gpiob":0,"gpioc":32768,"gpiod":6712,"gpioe":1024,"modeltime":0,"type":"gpio"}
,[23.4.2021 | 14:39:3] {"client-id":"175e4ea7-7057-4ac8-b011-24cdb33942eb","gpioa":0,"gpiob":0,"gpioc":32768,"gpiod":6712,"gpioe":1024,"modeltime":0,"type":"gpio"}
,[23.4.2021 | 14:39:3] {"client-id":"175e4ea7-7057-4ac8-b011-24cdb33942eb","gpioa":0,"gpiob":0,"gpioc":32768,"gpiod":6712,"gpioe":1024,"modeltime":0,"type":"gpio"}
,[23.4.2021 | 14:39:3] {"client-id":"175e4ea7-7057-4ac8-b011-24cdb33942eb","gpioa":0,"gpiob":0,"gpioc":32768,"gpiod":6712,"gpioe":1024,"modeltime":0,"type":"gpio"}
,[23.4.2021 | 14:39:3] {"client-id":"175e4ea7-7057-4ac8-b011-24cdb33942eb","gpioa":0,"gpiob":0,"gpioc":32768,"gpiod":6712,"gpioe":1024,"modeltime":0,"type":"gpio"}
,[23.4.2021 | 14:39:3] {"client-id":"175e4ea7-7057-4ac8-b011-24cdb33942eb","gpioa":0,"gpiob":0,"gpioc":32768,"gpiod":6168,"gpioe":1024,"modeltime":0,"type":"gpio"}
,[23.4.2021 | 14:39:3] {"client-id":"175e4ea7-7057-4ac8-b011-24cdb33942eb","gpioa":0,"gpiob":0,"gpioc":32768,"gpiod":6168,"gpioe":1280,"modeltime":0,"type":"gpio"}
,[23.4.2021 | 14:39:3] {"client-id":"175e4ea7-7057-4ac8-b011-24cdb33942eb","gpioa":0,"gpiob":0,"gpioc":32768,"gpiod":6168,"gpioe":1280,"modeltime":0,"type":"gpio"}
,[23.4.2021 | 14:39:3] {"client-id":"175e4ea7-7057-4ac8-b011-24cdb33942eb","gpioa":0,"gpiob":0,"gpioc":32768,"gpiod":6168,"gpioe":1280,"modeltime":0,"type":"gpio"}
,[23.4.2021 | 14:39:4] {"client-id":"175e4ea7-7057-4ac8-b011-24cdb33942eb","gpioa":0,"gpiob":0,"gpioc":32768,"gpiod":6168,"gpioe":1280,"modeltime":0,"type":"gpio"}
,[23.4.2021 | 14:39:4] {"client-id":"175e4ea7-7057-4ac8-b011-24cdb33942eb","gpioa":0,"gpiob":0,"gpioc":32768,"gpiod":6168,"gpioe":1280,"modeltime":0,"type":"gpio"}
,[23.4.2021 | 14:39:4] {"client-id":"175e4ea7-7057-4ac8-b011-24cdb33942eb","gpioa":0,"gpiob":0,"gpioc":32768,"gpiod":6168,"gpioe":1280,"modeltime":0,"type":"gpio"}
,[23.4.2021 | 14:39:4] {"client-id":"175e4ea7-7057-4ac8-b011-24cdb33942eb","gpioa":0,"gpiob":0,"gpioc":32768,"gpiod":6168,"gpioe":1280,"modeltime":0,"type":"gpio"}
,[23.4.2021 | 14:39:4] {"client-id":"175e4ea7-7057-4ac8-b011-24cdb33942eb","gpioa":0,"gpiob":0,"gpioc":32768,"gpiod":6168,"gpioe":1280,"modeltime":0,"type":"gpio"}
,[23.4.2021 | 14:39:4] {"client-id":"175e4ea7-7057-4ac8-b011-24cdb33942eb","gpioa":0,"gpiob":0,"gpioc":32768,"gpiod":6168,"gpioe":1280,"modeltime":0,"type":"gpio"}
,[23.4.2021 | 14:39:4] {"client-id":"175e4ea7-7057-4ac8-b011-24cdb33942eb","gpioa":0,"gpiob":0,"gpioc":32768,"gpiod":4104,"gpioe":1280,"modeltime":0,"type":"gpio"}
,[23.4.2021 | 14:39:4] {"client-id":"175e4ea7-7057-4ac8-b011-24cdb33942eb","gpioa":0,"gpiob":0,"gpioc":32768,"gpiod":4104,"gpioe":1280,"modeltime":0,"type":"gpio"}
,[23.4.2021 | 14:39:4] {"client-id":"175e4ea7-7057-4ac8-b011-24cdb33942eb","gpioa":0,"gpiob":0,"gpioc":32768,"gpiod":4104,"gpioe":1280,"modeltime":0,"type":"gpio"}
,[23.4.2021 | 14:39:4] {"client-id":"175e4ea7-7057-4ac8-b011-24cdb33942eb","gpioa":0,"gpiob":0,"gpioc":32768,"gpiod":4104,"gpioe":1280,"modeltime":0,"type":"gpio"}
,[23.4.2021 | 14:39:5] {"client-id":"175e4ea7-7057-4ac8-b011-24cdb33942eb","gpioa":0,"gpiob":0,"gpioc":32768,"gpiod":4104,"gpioe":1280,"modeltime":0,"type":"gpio"}
,[23.4.2021 | 14:39:5] {"client-id":"175e4ea7-7057-4ac8-b011-24cdb33942eb","gpioa":0,"gpiob":0,"gpioc":32768,"gpiod":4104,"gpioe":1280,"modeltime":0,"type":"gpio"}
,[23.4.2021 | 14:39:5] {"client-id":"175e4ea7-7057-4ac8-b011-24cdb33942eb","gpioa":0,"gpiob":0,"gpioc":32768,"gpiod":4104,"gpioe":1280,"modeltime":0,"type":"gpio"}
,[23.4.2021 | 14:39:5] {"client-id":"175e4ea7-7057-4ac8-b011-24cdb33942eb","gpioa":0,"gpiob":0,"gpioc":32768,"gpiod":4104,"gpioe":1280,"modeltime":0,"type":"gpio"}
,[23.4.2021 | 14:39:5] {"client-id":"175e4ea7-7057-4ac8-b011-24cdb33942eb","gpioa":0,"gpiob":0,"gpioc":32768,"gpiod":4104,"gpioe":1280,"modeltime":0,"type":"gpio"}
,[23.4.2021 | 14:39:5] {"client-id":"175e4ea7-7057-4ac8-b011-24cdb33942eb","gpioa":0,"gpiob":0,"gpioc":32768,"gpiod":4104,"gpioe":1280,"modeltime":0,"type":"gpio"}
,[23.4.2021 | 14:39:5] {"client-id":"175e4ea7-7057-4ac8-b011-24cdb33942eb","gpioa":0,"gpiob":0,"gpioc":32768,"gpiod":0,"gpioe":1280,"modeltime":0,"type":"gpio"}
,[23.4.2021 | 14:39:5] {"client-id":"175e4ea7-7057-4ac8-b011-24cdb33942eb","gpioa":0,"gpiob":0,"gpioc":32768,"gpiod":0,"gpioe":1280,"modeltime":0,"type":"gpio"}
,[23.4.2021 | 14:39:5] {"client-id":"175e4ea7-7057-4ac8-b011-24cdb33942eb","gpioa":0,"gpiob":0,"gpioc":32768,"gpiod":0,"gpioe":1280,"modeltime":0,"type":"gpio"}
,[23.4.2021 | 14:39:5] {"client-id":"175e4ea7-7057-4ac8-b011-24cdb33942eb","gpioa":0,"gpiob":0,"gpioc":32768,"gpiod":0,"gpioe":1280,"modeltime":0,"type":"gpio"}
,[23.4.2021 | 14:39:6] {"client-id":"175e4ea7-7057-4ac8-b011-24cdb33942eb","gpioa":0,"gpiob":0,"gpioc":32768,"gpiod":0,"gpioe":1280,"modeltime":0,"type":"gpio"}
,[23.4.2021 | 14:39:6] {"client-id":"175e4ea7-7057-4ac8-b011-24cdb33942eb","gpioa":0,"gpiob":0,"gpioc":32768,"gpiod":0,"gpioe":1280,"modeltime":0,"type":"gpio"}
,[23.4.2021 | 14:39:6] {"client-id":"175e4ea7-7057-4ac8-b011-24cdb33942eb","gpioa":0,"gpiob":0,"gpioc":32768,"gpiod":0,"gpioe":1280,"modeltime":0,"type":"gpio"}
,[23.4.2021 | 14:39:6] {"client-id":"175e4ea7-7057-4ac8-b011-24cdb33942eb","gpioa":0,"gpiob":0,"gpioc":32768,"gpiod":0,"gpioe":1280,"modeltime":0,"type":"gpio"}
,[23.4.2021 | 14:39:6] {"client-id":"175e4ea7-7057-4ac8-b011-24cdb33942eb","gpioa":0,"gpiob":0,"gpioc":32768,"gpiod":0,"gpioe":1280,"modeltime":0,"type":"gpio"}
,[23.4.2021 | 14:39:6] {"client-id":"175e4ea7-7057-4ac8-b011-24cdb33942eb","gpioa":0,"gpiob":0,"gpioc":32768,"gpiod":0,"gpioe":1280,"modeltime":0,"type":"gpio"}
,[23.4.2021 | 14:39:6] {"client-id":"175e4ea7-7057-4ac8-b011-24cdb33942eb","gpioa":0,"gpiob":0,"gpioc":32768,"gpiod":4104,"gpioe":1280,"modeltime":0,"type":"gpio"}
,[23.4.2021 | 14:39:6] {"client-id":"175e4ea7-7057-4ac8-b011-24cdb33942eb","gpioa":0,"gpiob":0,"gpioc":32768,"gpiod":4104,"gpioe":1280,"modeltime":0,"type":"gpio"}
,[23.4.2021 | 14:39:6] {"client-id":"175e4ea7-7057-4ac8-b011-24cdb33942eb","gpioa":0,"gpiob":0,"gpioc":32768,"gpiod":4104,"gpioe":1280,"modeltime":0,"type":"gpio"}
,[23.4.2021 | 14:39:6] {"client-id":"175e4ea7-7057-4ac8-b011-24cdb33942eb","gpioa":0,"gpiob":0,"gpioc":32768,"gpiod":4104,"gpioe":1280,"modeltime":0,"type":"gpio"}
,[23.4.2021 | 14:39:7] {"client-id":"175e4ea7-7057-4ac8-b011-24cdb33942eb","gpioa":0,"gpiob":0,"gpioc":32768,"gpiod":4104,"gpioe":1280,"modeltime":0,"type":"gpio"}
,[23.4.2021 | 14:39:7] {"client-id":"175e4ea7-7057-4ac8-b011-24cdb33942eb","gpioa":0,"gpiob":0,"gpioc":32768,"gpiod":4104,"gpioe":1280,"modeltime":0,"type":"gpio"}
,[23.4.2021 | 14:39:7] {"client-id":"175e4ea7-7057-4ac8-b011-24cdb33942eb","gpioa":0,"gpiob":0,"gpioc":32768,"gpiod":4104,"gpioe":1280,"modeltime":0,"type":"gpio"}
,[23.4.2021 | 14:39:7] {"client-id":"175e4ea7-7057-4ac8-b011-24cdb33942eb","gpioa":0,"gpiob":0,"gpioc":32768,"gpiod":4104,"gpioe":1280,"modeltime":0,"type":"gpio"}
,[23.4.2021 | 14:39:7] {"client-id":"175e4ea7-7057-4ac8-b011-24cdb33942eb","gpioa":0,"gpiob":0,"gpioc":32768,"gpiod":4104,"gpioe":1280,"modeltime":0,"type":"gpio"}
,[23.4.2021 | 14:39:7] {"client-id":"175e4ea7-7057-4ac8-b011-24cdb33942eb","gpioa":0,"gpiob":0,"gpioc":32768,"gpiod":4104,"gpioe":1280,"modeltime":0,"type":"gpio"}
,[23.4.2021 | 14:39:7] {"client-id":"175e4ea7-7057-4ac8-b011-24cdb33942eb","gpioa":0,"gpiob":0,"gpioc":32768,"gpiod":6168,"gpioe":1280,"modeltime":0,"type":"gpio"}
,[23.4.2021 | 14:39:7] {"client-id":"175e4ea7-7057-4ac8-b011-24cdb33942eb","gpioa":0,"gpiob":0,"gpioc":32768,"gpiod":6168,"gpioe":1280,"modeltime":0,"type":"gpio"}
,[23.4.2021 | 14:39:7] {"client-id":"175e4ea7-7057-4ac8-b011-24cdb33942eb","gpioa":0,"gpiob":0,"gpioc":32768,"gpiod":6168,"gpioe":1280,"modeltime":0,"type":"gpio"}
,[23.4.2021 | 14:39:7] {"client-id":"175e4ea7-7057-4ac8-b011-24cdb33942eb","gpioa":0,"gpiob":0,"gpioc":32768,"gpiod":6168,"gpioe":1280,"modeltime":0,"type":"gpio"}
,[23.4.2021 | 14:39:8] {"client-id":"175e4ea7-7057-4ac8-b011-24cdb33942eb","gpioa":0,"gpiob":0,"gpioc":32768,"gpiod":6168,"gpioe":1280,"modeltime":0,"type":"gpio"}
,[23.4.2021 | 14:39:8] {"client-id":"175e4ea7-7057-4ac8-b011-24cdb33942eb","gpioa":0,"gpiob":0,"gpioc":32768,"gpiod":6168,"gpioe":1280,"modeltime":0,"type":"gpio"}
,[23.4.2021 | 14:39:8] {"client-id":"175e4ea7-7057-4ac8-b011-24cdb33942eb","gpioa":0,"gpiob":0,"gpioc":32768,"gpiod":6168,"gpioe":1280,"modeltime":0,"type":"gpio"}
,[23.4.2021 | 14:39:8] {"client-id":"175e4ea7-7057-4ac8-b011-24cdb33942eb","gpioa":0,"gpiob":0,"gpioc":32768,"gpiod":6168,"gpioe":1024,"modeltime":0,"type":"gpio"}
,[23.4.2021 | 14:39:8] {"client-id":"175e4ea7-7057-4ac8-b011-24cdb33942eb","gpioa":0,"gpiob":0,"gpioc":32768,"gpiod":6168,"gpioe":1024,"modeltime":0,"type":"gpio"}
,[23.4.2021 | 14:39:8] {"client-id":"175e4ea7-7057-4ac8-b011-24cdb33942eb","gpioa":0,"gpiob":0,"gpioc":32768,"gpiod":6168,"gpioe":1024,"modeltime":0,"type":"gpio"}
,[23.4.2021 | 14:39:8] {"client-id":"175e4ea7-7057-4ac8-b011-24cdb33942eb","gpioa":0,"gpiob":0,"gpioc":32768,"gpiod":6712,"gpioe":1024,"modeltime":0,"type":"gpio"}
,[23.4.2021 | 14:39:8] {"client-id":"175e4ea7-7057-4ac8-b011-24cdb33942eb","gpioa":0,"gpiob":0,"gpioc":32768,"gpiod":6712,"gpioe":1024,"modeltime":0,"type":"gpio"}
,[23.4.2021 | 14:39:8] {"client-id":"175e4ea7-7057-4ac8-b011-24cdb33942eb","gpioa":0,"gpiob":0,"gpioc":32768,"gpiod":6712,"gpioe":1024,"modeltime":0,"type":"gpio"}
,[23.4.2021 | 14:39:8] {"client-id":"175e4ea7-7057-4ac8-b011-24cdb33942eb","gpioa":0,"gpiob":0,"gpioc":32768,"gpiod":6712,"gpioe":1024,"modeltime":0,"type":"gpio"}
,[23.4.2021 | 14:39:9] {"client-id":"175e4ea7-7057-4ac8-b011-24cdb33942eb","gpioa":0,"gpiob":0,"gpioc":32768,"gpiod":6712,"gpioe":1024,"modeltime":0,"type":"gpio"}
,[23.4.2021 | 14:39:9] {"client-id":"175e4ea7-7057-4ac8-b011-24cdb33942eb","gpioa":0,"gpiob":0,"gpioc":32768,"gpiod":6712,"gpioe":1024,"modeltime":0,"type":"gpio"}
,[23.4.2021 | 14:39:9] {"client-id":"175e4ea7-7057-4ac8-b011-24cdb33942eb","gpioa":0,"gpiob":0,"gpioc":32768,"gpiod":6712,"gpioe":1024,"modeltime":0,"type":"gpio"}
,[23.4.2021 | 14:39:9] {"client-id":"175e4ea7-7057-4ac8-b011-24cdb33942eb","gpioa":0,"gpiob":0,"gpioc":32768,"gpiod":6712,"gpioe":1024,"modeltime":0,"type":"gpio"}
,[23.4.2021 | 14:39:9] {"client-id":"175e4ea7-7057-4ac8-b011-24cdb33942eb","gpioa":0,"gpiob":0,"gpioc":32768,"gpiod":6712,"gpioe":1024,"modeltime":0,"type":"gpio"}
,[23.4.2021 | 14:39:9] {"client-id":"175e4ea7-7057-4ac8-b011-24cdb33942eb","gpioa":0,"gpiob":0,"gpioc":32768,"gpiod":6712,"gpioe":1024,"modeltime":0,"type":"gpio"}
,[23.4.2021 | 14:39:9] {"client-id":"175e4ea7-7057-4ac8-b011-24cdb33942eb","gpioa":0,"gpiob":0,"gpioc":32768,"gpiod":7032,"gpioe":1024,"modeltime":0,"type":"gpio"}
,[23.4.2021 | 14:39:9] {"client-id":"175e4ea7-7057-4ac8-b011-24cdb33942eb","gpioa":0,"gpiob":0,"gpioc":32768,"gpiod":7032,"gpioe":1024,"modeltime":0,"type":"gpio"}
,[23.4.2021 | 14:39:9] {"client-id":"175e4ea7-7057-4ac8-b011-24cdb33942eb","gpioa":0,"gpiob":0,"gpioc":32768,"gpiod":7032,"gpioe":1024,"modeltime":0,"type":"gpio"}
,[23.4.2021 | 14:39:9] {"client-id":"175e4ea7-7057-4ac8-b011-24cdb33942eb","gpioa":0,"gpiob":0,"gpioc":32768,"gpiod":7032,"gpioe":0,"modeltime":0,"type":"gpio"}
,[23.4.2021 | 14:39:10] {"client-id":"175e4ea7-7057-4ac8-b011-24cdb33942eb","gpioa":0,"gpiob":0,"gpioc":32768,"gpiod":7032,"gpioe":0,"modeltime":0,"type":"gpio"}
,[23.4.2021 | 14:39:10] {"client-id":"175e4ea7-7057-4ac8-b011-24cdb33942eb","gpioa":0,"gpiob":0,"gpioc":32768,"gpiod":6712,"gpioe":0,"modeltime":0,"type":"gpio"}
,[23.4.2021 | 14:39:10] {"client-id":"175e4ea7-7057-4ac8-b011-24cdb33942eb","gpioa":0,"gpiob":0,"gpioc":32768,"gpiod":6712,"gpioe":0,"modeltime":0,"type":"gpio"}
,[23.4.2021 | 14:39:10] {"client-id":"175e4ea7-7057-4ac8-b011-24cdb33942eb","gpioa":0,"gpiob":0,"gpioc":32768,"gpiod":6712,"gpioe":0,"modeltime":0,"type":"gpio"}
,[23.4.2021 | 14:39:10] {"client-id":"175e4ea7-7057-4ac8-b011-24cdb33942eb","gpioa":0,"gpiob":0,"gpioc":32768,"gpiod":6712,"gpioe":0,"modeltime":0,"type":"gpio"}
,[23.4.2021 | 14:39:10] {"client-id":"175e4ea7-7057-4ac8-b011-24cdb33942eb","gpioa":0,"gpiob":0,"gpioc":32768,"gpiod":6712,"gpioe":0,"modeltime":0,"type":"gpio"}
,[23.4.2021 | 14:39:10] {"client-id":"175e4ea7-7057-4ac8-b011-24cdb33942eb","gpioa":0,"gpiob":0,"gpioc":32768,"gpiod":6168,"gpioe":0,"modeltime":0,"type":"gpio"}
,[23.4.2021 | 14:39:10] {"client-id":"175e4ea7-7057-4ac8-b011-24cdb33942eb","gpioa":0,"gpiob":0,"gpioc":32768,"gpiod":6168,"gpioe":0,"modeltime":0,"type":"gpio"}
,[23.4.2021 | 14:39:10] {"client-id":"175e4ea7-7057-4ac8-b011-24cdb33942eb","gpioa":0,"gpiob":0,"gpioc":32768,"gpiod":6168,"gpioe":0,"modeltime":0,"type":"gpio"}
,[23.4.2021 | 14:39:10] {"client-id":"175e4ea7-7057-4ac8-b011-24cdb33942eb","gpioa":0,"gpiob":0,"gpioc":32768,"gpiod":6168,"gpioe":0,"modeltime":0,"type":"gpio"}
,[23.4.2021 | 14:39:11] {"client-id":"175e4ea7-7057-4ac8-b011-24cdb33942eb","gpioa":0,"gpiob":0,"gpioc":32768,"gpiod":6168,"gpioe":0,"modeltime":0,"type":"gpio"}
,[23.4.2021 | 14:39:11] {"client-id":"175e4ea7-7057-4ac8-b011-24cdb33942eb","gpioa":0,"gpiob":0,"gpioc":32768,"gpiod":4104,"gpioe":0,"modeltime":0,"type":"gpio"}
,[23.4.2021 | 14:39:11] {"client-id":"175e4ea7-7057-4ac8-b011-24cdb33942eb","gpioa":0,"gpiob":0,"gpioc":32768,"gpiod":4104,"gpioe":0,"modeltime":0,"type":"gpio"}
,[23.4.2021 | 14:39:11] {"client-id":"175e4ea7-7057-4ac8-b011-24cdb33942eb","gpioa":0,"gpiob":0,"gpioc":32768,"gpiod":4104,"gpioe":0,"modeltime":0,"type":"gpio"}
,[23.4.2021 | 14:39:11] {"client-id":"175e4ea7-7057-4ac8-b011-24cdb33942eb","gpioa":0,"gpiob":0,"gpioc":32768,"gpiod":4104,"gpioe":0,"modeltime":0,"type":"gpio"}
,[23.4.2021 | 14:39:11] {"client-id":"175e4ea7-7057-4ac8-b011-24cdb33942eb","gpioa":0,"gpiob":0,"gpioc":32768,"gpiod":4104,"gpioe":0,"modeltime":0,"type":"gpio"}
,[23.4.2021 | 14:39:11] {"client-id":"175e4ea7-7057-4ac8-b011-24cdb33942eb","gpioa":0,"gpiob":0,"gpioc":32768,"gpiod":0,"gpioe":0,"modeltime":0,"type":"gpio"}
,[23.4.2021 | 14:39:11] {"client-id":"175e4ea7-7057-4ac8-b011-24cdb33942eb","gpioa":0,"gpiob":0,"gpioc":32768,"gpiod":0,"gpioe":0,"modeltime":0,"type":"gpio"}
,[23.4.2021 | 14:39:11] {"client-id":"175e4ea7-7057-4ac8-b011-24cdb33942eb","gpioa":0,"gpiob":0,"gpioc":32768,"gpiod":0,"gpioe":0,"modeltime":0,"type":"gpio"}
,[23.4.2021 | 14:39:11] {"client-id":"175e4ea7-7057-4ac8-b011-24cdb33942eb","gpioa":0,"gpiob":0,"gpioc":32768,"gpiod":0,"gpioe":0,"modeltime":0,"type":"gpio"}
,[23.4.2021 | 14:39:12] {"client-id":"175e4ea7-7057-4ac8-b011-24cdb33942eb","gpioa":0,"gpiob":0,"gpioc":32768,"gpiod":0,"gpioe":0,"modeltime":0,"type":"gpio"}
,[23.4.2021 | 14:39:12] {"client-id":"175e4ea7-7057-4ac8-b011-24cdb33942eb","gpioa":0,"gpiob":0,"gpioc":32768,"gpiod":4104,"gpioe":0,"modeltime":0,"type":"gpio"}
,[23.4.2021 | 14:39:12] {"client-id":"175e4ea7-7057-4ac8-b011-24cdb33942eb","gpioa":0,"gpiob":0,"gpioc":32768,"gpiod":4104,"gpioe":0,"modeltime":0,"type":"gpio"}
,[23.4.2021 | 14:39:12] {"client-id":"175e4ea7-7057-4ac8-b011-24cdb33942eb","gpioa":0,"gpiob":0,"gpioc":32768,"gpiod":4104,"gpioe":0,"modeltime":0,"type":"gpio"}
,[23.4.2021 | 14:39:12] {"client-id":"175e4ea7-7057-4ac8-b011-24cdb33942eb","gpioa":0,"gpiob":0,"gpioc":32768,"gpiod":4104,"gpioe":0,"modeltime":0,"type":"gpio"}
,[23.4.2021 | 14:39:12] {"client-id":"175e4ea7-7057-4ac8-b011-24cdb33942eb","gpioa":0,"gpiob":0,"gpioc":32768,"gpiod":4104,"gpioe":0,"modeltime":0,"type":"gpio"}
,[23.4.2021 | 14:39:12] {"client-id":"175e4ea7-7057-4ac8-b011-24cdb33942eb","gpioa":0,"gpiob":0,"gpioc":32768,"gpiod":6168,"gpioe":0,"modeltime":0,"type":"gpio"}
,[23.4.2021 | 14:39:12] {"client-id":"175e4ea7-7057-4ac8-b011-24cdb33942eb","gpioa":0,"gpiob":0,"gpioc":32768,"gpiod":6168,"gpioe":0,"modeltime":0,"type":"gpio"}
,[23.4.2021 | 14:39:12] {"client-id":"175e4ea7-7057-4ac8-b011-24cdb33942eb","gpioa":0,"gpiob":0,"gpioc":32768,"gpiod":6168,"gpioe":0,"modeltime":0,"type":"gpio"}
,[23.4.2021 | 14:39:12] {"client-id":"175e4ea7-7057-4ac8-b011-24cdb33942eb","gpioa":0,"gpiob":0,"gpioc":32768,"gpiod":6168,"gpioe":0,"modeltime":0,"type":"gpio"}
,[23.4.2021 | 14:39:13] {"client-id":"175e4ea7-7057-4ac8-b011-24cdb33942eb","gpioa":0,"gpiob":0,"gpioc":32768,"gpiod":6168,"gpioe":0,"modeltime":0,"type":"gpio"}
,[23.4.2021 | 14:39:13] {"client-id":"175e4ea7-7057-4ac8-b011-24cdb33942eb","gpioa":0,"gpiob":0,"gpioc":32768,"gpiod":6712,"gpioe":0,"modeltime":0,"type":"gpio"}
,[23.4.2021 | 14:39:13] {"client-id":"175e4ea7-7057-4ac8-b011-24cdb33942eb","gpioa":0,"gpiob":0,"gpioc":32768,"gpiod":6712,"gpioe":0,"modeltime":0,"type":"gpio"}
,[23.4.2021 | 14:39:13] {"client-id":"175e4ea7-7057-4ac8-b011-24cdb33942eb","gpioa":0,"gpiob":0,"gpioc":32768,"gpiod":6712,"gpioe":0,"modeltime":0,"type":"gpio"}
,[23.4.2021 | 14:39:13] {"client-id":"175e4ea7-7057-4ac8-b011-24cdb33942eb","gpioa":0,"gpiob":0,"gpioc":32768,"gpiod":6712,"gpioe":0,"modeltime":0,"type":"gpio"}
,[23.4.2021 | 14:39:13] {"client-id":"175e4ea7-7057-4ac8-b011-24cdb33942eb","gpioa":0,"gpiob":0,"gpioc":32768,"gpiod":6712,"gpioe":0,"modeltime":0,"type":"gpio"}
,[23.4.2021 | 14:39:13] {"client-id":"175e4ea7-7057-4ac8-b011-24cdb33942eb","gpioa":0,"gpiob":0,"gpioc":32768,"gpiod":7032,"gpioe":0,"modeltime":0,"type":"gpio"}
,[23.4.2021 | 14:39:13] {"client-id":"175e4ea7-7057-4ac8-b011-24cdb33942eb","gpioa":0,"gpiob":0,"gpioc":32768,"gpiod":7032,"gpioe":0,"modeltime":0,"type":"gpio"}
,[23.4.2021 | 14:39:13] {"client-id":"175e4ea7-7057-4ac8-b011-24cdb33942eb","gpioa":0,"gpiob":0,"gpioc":32768,"gpiod":7032,"gpioe":0,"modeltime":0,"type":"gpio"}
,[23.4.2021 | 14:39:13] {"client-id":"175e4ea7-7057-4ac8-b011-24cdb33942eb","gpioa":0,"gpiob":0,"gpioc":32768,"gpiod":7032,"gpioe":0,"modeltime":0,"type":"gpio"}
,[23.4.2021 | 14:39:14] {"client-id":"175e4ea7-7057-4ac8-b011-24cdb33942eb","gpioa":0,"gpiob":0,"gpioc":32768,"gpiod":7032,"gpioe":16,"modeltime":0,"type":"gpio"}
,[23.4.2021 | 14:39:14] {"client-id":"175e4ea7-7057-4ac8-b011-24cdb33942eb","gpioa":0,"gpiob":0,"gpioc":32768,"gpiod":6712,"gpioe":16,"modeltime":0,"type":"gpio"}
,[23.4.2021 | 14:39:14] {"client-id":"175e4ea7-7057-4ac8-b011-24cdb33942eb","gpioa":0,"gpiob":0,"gpioc":32768,"gpiod":6712,"gpioe":16,"modeltime":0,"type":"gpio"}
,[23.4.2021 | 14:39:14] {"client-id":"175e4ea7-7057-4ac8-b011-24cdb33942eb","gpioa":0,"gpiob":0,"gpioc":32768,"gpiod":6712,"gpioe":16,"modeltime":0,"type":"gpio"}
,[23.4.2021 | 14:39:14] {"client-id":"175e4ea7-7057-4ac8-b011-24cdb33942eb","gpioa":0,"gpiob":0,"gpioc":32768,"gpiod":6712,"gpioe":16,"modeltime":0,"type":"gpio"}
,[23.4.2021 | 14:39:14] {"client-id":"175e4ea7-7057-4ac8-b011-24cdb33942eb","gpioa":0,"gpiob":0,"gpioc":32768,"gpiod":6712,"gpioe":16,"modeltime":0,"type":"gpio"}
,[23.4.2021 | 14:39:14] {"client-id":"175e4ea7-7057-4ac8-b011-24cdb33942eb","gpioa":0,"gpiob":0,"gpioc":32768,"gpiod":6712,"gpioe":16,"modeltime":0,"type":"gpio"}
,[23.4.2021 | 14:39:14] {"client-id":"175e4ea7-7057-4ac8-b011-24cdb33942eb","gpioa":0,"gpiob":0,"gpioc":32768,"gpiod":6712,"gpioe":16,"modeltime":0,"type":"gpio"}
,[23.4.2021 | 14:39:14] {"client-id":"175e4ea7-7057-4ac8-b011-24cdb33942eb","gpioa":0,"gpiob":0,"gpioc":32768,"gpiod":6712,"gpioe":16,"modeltime":0,"type":"gpio"}
,[23.4.2021 | 14:39:14] {"client-id":"175e4ea7-7057-4ac8-b011-24cdb33942eb","gpioa":0,"gpiob":0,"gpioc":32768,"gpiod":6712,"gpioe":16,"modeltime":0,"type":"gpio"}
,[23.4.2021 | 14:39:15] {"client-id":"175e4ea7-7057-4ac8-b011-24cdb33942eb","gpioa":0,"gpiob":0,"gpioc":32768,"gpiod":6712,"gpioe":16,"modeltime":0,"type":"gpio"}
,[23.4.2021 | 14:39:15] {"client-id":"175e4ea7-7057-4ac8-b011-24cdb33942eb","gpioa":0,"gpiob":0,"gpioc":32768,"gpiod":6712,"gpioe":16,"modeltime":0,"type":"gpio"}
,[23.4.2021 | 14:39:15] {"client-id":"175e4ea7-7057-4ac8-b011-24cdb33942eb","gpioa":0,"gpiob":0,"gpioc":32768,"gpiod":6712,"gpioe":16,"modeltime":0,"type":"gpio"}
,[23.4.2021 | 14:39:15] {"client-id":"175e4ea7-7057-4ac8-b011-24cdb33942eb","gpioa":0,"gpiob":0,"gpioc":32768,"gpiod":6712,"gpioe":16,"modeltime":0,"type":"gpio"}
,[23.4.2021 | 14:39:15] {"client-id":"175e4ea7-7057-4ac8-b011-24cdb33942eb","gpioa":0,"gpiob":0,"gpioc":32768,"gpiod":6712,"gpioe":16,"modeltime":0,"type":"gpio"}
,[23.4.2021 | 14:39:15] {"client-id":"175e4ea7-7057-4ac8-b011-24cdb33942eb","gpioa":0,"gpiob":0,"gpioc":32768,"gpiod":6712,"gpioe":16,"modeltime":0,"type":"gpio"}
,[23.4.2021 | 14:39:15] {"client-id":"175e4ea7-7057-4ac8-b011-24cdb33942eb","gpioa":0,"gpiob":0,"gpioc":32768,"gpiod":6168,"gpioe":16,"modeltime":0,"type":"gpio"}
,[23.4.2021 | 14:39:15] {"client-id":"175e4ea7-7057-4ac8-b011-24cdb33942eb","gpioa":0,"gpiob":0,"gpioc":32768,"gpiod":6168,"gpioe":16,"modeltime":0,"type":"gpio"}
,[23.4.2021 | 14:39:15] {"client-id":"175e4ea7-7057-4ac8-b011-24cdb33942eb","gpioa":0,"gpiob":0,"gpioc":32768,"gpiod":6168,"gpioe":16,"modeltime":0,"type":"gpio"}
,[23.4.2021 | 14:39:15] {"client-id":"175e4ea7-7057-4ac8-b011-24cdb33942eb","gpioa":0,"gpiob":0,"gpioc":32768,"gpiod":6168,"gpioe":16,"modeltime":0,"type":"gpio"}
,[23.4.2021 | 14:39:16] {"client-id":"175e4ea7-7057-4ac8-b011-24cdb33942eb","gpioa":0,"gpiob":0,"gpioc":32768,"gpiod":6168,"gpioe":16,"modeltime":0,"type":"gpio"}
,[23.4.2021 | 14:39:16] {"client-id":"175e4ea7-7057-4ac8-b011-24cdb33942eb","gpioa":0,"gpiob":0,"gpioc":32768,"gpiod":6168,"gpioe":16,"modeltime":0,"type":"gpio"}
,[23.4.2021 | 14:39:16] {"client-id":"175e4ea7-7057-4ac8-b011-24cdb33942eb","gpioa":0,"gpiob":0,"gpioc":32768,"gpiod":6168,"gpioe":16,"modeltime":0,"type":"gpio"}
,[23.4.2021 | 14:39:16] {"client-id":"175e4ea7-7057-4ac8-b011-24cdb33942eb","gpioa":0,"gpiob":0,"gpioc":32768,"gpiod":6168,"gpioe":16,"modeltime":0,"type":"gpio"}
,[23.4.2021 | 14:39:16] {"client-id":"175e4ea7-7057-4ac8-b011-24cdb33942eb","gpioa":0,"gpiob":0,"gpioc":32768,"gpiod":6168,"gpioe":16,"modeltime":0,"type":"gpio"}
,[23.4.2021 | 14:39:16] {"client-id":"175e4ea7-7057-4ac8-b011-24cdb33942eb","gpioa":0,"gpiob":0,"gpioc":32768,"gpiod":6168,"gpioe":16,"modeltime":0,"type":"gpio"}
,[23.4.2021 | 14:39:16] {"client-id":"175e4ea7-7057-4ac8-b011-24cdb33942eb","gpioa":0,"gpiob":0,"gpioc":32768,"gpiod":4104,"gpioe":16,"modeltime":0,"type":"gpio"}
,[23.4.2021 | 14:39:17] {"client-id":"175e4ea7-7057-4ac8-b011-24cdb33942eb","gpioa":0,"gpiob":0,"gpioc":32768,"gpiod":4104,"gpioe":16,"modeltime":0,"type":"gpio"}
,[23.4.2021 | 14:39:17] {"client-id":"175e4ea7-7057-4ac8-b011-24cdb33942eb","gpioa":0,"gpiob":0,"gpioc":32768,"gpiod":4104,"gpioe":16,"modeltime":0,"type":"gpio"}
,[23.4.2021 | 14:39:17] {"client-id":"175e4ea7-7057-4ac8-b011-24cdb33942eb","gpioa":0,"gpiob":0,"gpioc":32768,"gpiod":4104,"gpioe":16,"modeltime":0,"type":"gpio"}
,[23.4.2021 | 14:39:17] {"client-id":"175e4ea7-7057-4ac8-b011-24cdb33942eb","gpioa":0,"gpiob":0,"gpioc":32768,"gpiod":4104,"gpioe":16,"modeltime":0,"type":"gpio"}
,[23.4.2021 | 14:39:17] {"client-id":"175e4ea7-7057-4ac8-b011-24cdb33942eb","gpioa":0,"gpiob":0,"gpioc":32768,"gpiod":4104,"gpioe":16,"modeltime":0,"type":"gpio"}
,[23.4.2021 | 14:39:17] {"client-id":"175e4ea7-7057-4ac8-b011-24cdb33942eb","gpioa":0,"gpiob":0,"gpioc":32768,"gpiod":4104,"gpioe":16,"modeltime":0,"type":"gpio"}
,[23.4.2021 | 14:39:17] {"client-id":"175e4ea7-7057-4ac8-b011-24cdb33942eb","gpioa":0,"gpiob":0,"gpioc":32768,"gpiod":4104,"gpioe":16,"modeltime":0,"type":"gpio"}
,[23.4.2021 | 14:39:17] {"client-id":"175e4ea7-7057-4ac8-b011-24cdb33942eb","gpioa":0,"gpiob":0,"gpioc":32768,"gpiod":4104,"gpioe":16,"modeltime":0,"type":"gpio"}
,[23.4.2021 | 14:39:17] {"client-id":"175e4ea7-7057-4ac8-b011-24cdb33942eb","gpioa":0,"gpiob":0,"gpioc":32768,"gpiod":4104,"gpioe":16,"modeltime":0,"type":"gpio"}
,[23.4.2021 | 14:39:17] {"client-id":"175e4ea7-7057-4ac8-b011-24cdb33942eb","gpioa":0,"gpiob":0,"gpioc":32768,"gpiod":4104,"gpioe":16,"modeltime":0,"type":"gpio"}
,[23.4.2021 | 14:39:17] {"client-id":"175e4ea7-7057-4ac8-b011-24cdb33942eb","gpioa":0,"gpiob":0,"gpioc":32768,"gpiod":4104,"gpioe":16,"modeltime":0,"type":"gpio"}
,[23.4.2021 | 14:39:17] {"client-id":"175e4ea7-7057-4ac8-b011-24cdb33942eb","gpioa":0,"gpiob":0,"gpioc":32768,"gpiod":4104,"gpioe":16,"modeltime":0,"type":"gpio"}
,[23.4.2021 | 14:39:17] {"client-id":"175e4ea7-7057-4ac8-b011-24cdb33942eb","gpioa":0,"gpiob":0,"gpioc":32768,"gpiod":4104,"gpioe":16,"modeltime":0,"type":"gpio"}
,[23.4.2021 | 14:39:18] {"client-id":"175e4ea7-7057-4ac8-b011-24cdb33942eb","gpioa":0,"gpiob":0,"gpioc":32768,"gpiod":4104,"gpioe":16,"modeltime":0,"type":"gpio"}
,[23.4.2021 | 14:39:18] {"client-id":"175e4ea7-7057-4ac8-b011-24cdb33942eb","gpioa":0,"gpiob":0,"gpioc":32768,"gpiod":0,"gpioe":16,"modeltime":0,"type":"gpio"}
,[23.4.2021 | 14:39:18] {"client-id":"175e4ea7-7057-4ac8-b011-24cdb33942eb","gpioa":0,"gpiob":0,"gpioc":32768,"gpiod":0,"gpioe":16,"modeltime":0,"type":"gpio"}
,[23.4.2021 | 14:39:18] {"client-id":"175e4ea7-7057-4ac8-b011-24cdb33942eb","gpioa":0,"gpiob":0,"gpioc":32768,"gpiod":0,"gpioe":16,"modeltime":0,"type":"gpio"}
,[23.4.2021 | 14:39:18] {"client-id":"175e4ea7-7057-4ac8-b011-24cdb33942eb","gpioa":0,"gpiob":0,"gpioc":32768,"gpiod":0,"gpioe":16,"modeltime":0,"type":"gpio"}
,[23.4.2021 | 14:39:18] {"client-id":"175e4ea7-7057-4ac8-b011-24cdb33942eb","gpioa":0,"gpiob":0,"gpioc":32768,"gpiod":0,"gpioe":16,"modeltime":0,"type":"gpio"}
,[23.4.2021 | 14:39:18] {"client-id":"175e4ea7-7057-4ac8-b011-24cdb33942eb","gpioa":0,"gpiob":0,"gpioc":32768,"gpiod":0,"gpioe":16,"modeltime":0,"type":"gpio"}
,[23.4.2021 | 14:39:18] {"client-id":"175e4ea7-7057-4ac8-b011-24cdb33942eb","gpioa":0,"gpiob":0,"gpioc":32768,"gpiod":0,"gpioe":16,"modeltime":0,"type":"gpio"}
,[23.4.2021 | 14:39:18] {"client-id":"175e4ea7-7057-4ac8-b011-24cdb33942eb","gpioa":0,"gpiob":0,"gpioc":32768,"gpiod":0,"gpioe":16,"modeltime":0,"type":"gpio"}
,[23.4.2021 | 14:39:18] {"client-id":"175e4ea7-7057-4ac8-b011-24cdb33942eb","gpioa":0,"gpiob":0,"gpioc":32768,"gpiod":0,"gpioe":16,"modeltime":0,"type":"gpio"}
,[23.4.2021 | 14:39:19] {"client-id":"175e4ea7-7057-4ac8-b011-24cdb33942eb","gpioa":0,"gpiob":0,"gpioc":32768,"gpiod":0,"gpioe":16,"modeltime":0,"type":"gpio"}
,[23.4.2021 | 14:39:19] {"client-id":"175e4ea7-7057-4ac8-b011-24cdb33942eb","gpioa":0,"gpiob":0,"gpioc":32768,"gpiod":0,"gpioe":16,"modeltime":0,"type":"gpio"}
,[23.4.2021 | 14:39:19] {"client-id":"175e4ea7-7057-4ac8-b011-24cdb33942eb","gpioa":0,"gpiob":0,"gpioc":32768,"gpiod":0,"gpioe":16,"modeltime":0,"type":"gpio"}
,[23.4.2021 | 14:39:19] {"client-id":"175e4ea7-7057-4ac8-b011-24cdb33942eb","gpioa":0,"gpiob":0,"gpioc":32768,"gpiod":0,"gpioe":16,"modeltime":0,"type":"gpio"}
,[23.4.2021 | 14:39:19] {"client-id":"175e4ea7-7057-4ac8-b011-24cdb33942eb","gpioa":0,"gpiob":0,"gpioc":32768,"gpiod":0,"gpioe":16,"modeltime":0,"type":"gpio"}
,[23.4.2021 | 14:39:19] {"client-id":"175e4ea7-7057-4ac8-b011-24cdb33942eb","gpioa":0,"gpiob":0,"gpioc":32768,"gpiod":0,"gpioe":16,"modeltime":0,"type":"gpio"}
,[23.4.2021 | 14:39:19] {"client-id":"175e4ea7-7057-4ac8-b011-24cdb33942eb","gpioa":0,"gpiob":0,"gpioc":32768,"gpiod":4104,"gpioe":16,"modeltime":0,"type":"gpio"}
,[23.4.2021 | 14:39:19] {"client-id":"175e4ea7-7057-4ac8-b011-24cdb33942eb","gpioa":0,"gpiob":0,"gpioc":32768,"gpiod":4104,"gpioe":16,"modeltime":0,"type":"gpio"}
,[23.4.2021 | 14:39:19] {"client-id":"175e4ea7-7057-4ac8-b011-24cdb33942eb","gpioa":0,"gpiob":0,"gpioc":32768,"gpiod":4104,"gpioe":16,"modeltime":0,"type":"gpio"}
,[23.4.2021 | 14:39:19] {"client-id":"175e4ea7-7057-4ac8-b011-24cdb33942eb","gpioa":0,"gpiob":0,"gpioc":32768,"gpiod":4104,"gpioe":16,"modeltime":0,"type":"gpio"}
,[23.4.2021 | 14:39:20] {"client-id":"175e4ea7-7057-4ac8-b011-24cdb33942eb","gpioa":0,"gpiob":0,"gpioc":32768,"gpiod":4104,"gpioe":16,"modeltime":0,"type":"gpio"}
,[23.4.2021 | 14:39:20] {"client-id":"175e4ea7-7057-4ac8-b011-24cdb33942eb","gpioa":0,"gpiob":0,"gpioc":32768,"gpiod":4104,"gpioe":16,"modeltime":0,"type":"gpio"}
,[23.4.2021 | 14:39:20] {"client-id":"175e4ea7-7057-4ac8-b011-24cdb33942eb","gpioa":0,"gpiob":0,"gpioc":32768,"gpiod":4104,"gpioe":0,"modeltime":0,"type":"gpio"}
,[23.4.2021 | 14:39:20] {"client-id":"175e4ea7-7057-4ac8-b011-24cdb33942eb","gpioa":0,"gpiob":0,"gpioc":32768,"gpiod":4104,"gpioe":0,"modeltime":0,"type":"gpio"}
,[23.4.2021 | 14:39:20] {"client-id":"175e4ea7-7057-4ac8-b011-24cdb33942eb","gpioa":0,"gpiob":0,"gpioc":32768,"gpiod":4104,"gpioe":0,"modeltime":0,"type":"gpio"}
,[23.4.2021 | 14:39:20] {"client-id":"175e4ea7-7057-4ac8-b011-24cdb33942eb","gpioa":0,"gpiob":0,"gpioc":32768,"gpiod":4104,"gpioe":0,"modeltime":0,"type":"gpio"}
,[23.4.2021 | 14:39:20] {"client-id":"175e4ea7-7057-4ac8-b011-24cdb33942eb","gpioa":0,"gpiob":0,"gpioc":32768,"gpiod":6168,"gpioe":0,"modeltime":0,"type":"gpio"}
,[23.4.2021 | 14:39:20] {"client-id":"175e4ea7-7057-4ac8-b011-24cdb33942eb","gpioa":0,"gpiob":0,"gpioc":32768,"gpiod":6168,"gpioe":0,"modeltime":0,"type":"gpio"}
,[23.4.2021 | 14:39:21] {"client-id":"175e4ea7-7057-4ac8-b011-24cdb33942eb","gpioa":0,"gpiob":0,"gpioc":32768,"gpiod":6168,"gpioe":0,"modeltime":0,"type":"gpio"}
,[23.4.2021 | 14:39:21] {"client-id":"175e4ea7-7057-4ac8-b011-24cdb33942eb","gpioa":0,"gpiob":0,"gpioc":32768,"gpiod":6168,"gpioe":0,"modeltime":0,"type":"gpio"}
,[23.4.2021 | 14:39:21] {"client-id":"175e4ea7-7057-4ac8-b011-24cdb33942eb","gpioa":0,"gpiob":0,"gpioc":32768,"gpiod":6168,"gpioe":0,"modeltime":0,"type":"gpio"}
,[23.4.2021 | 14:39:21] {"client-id":"175e4ea7-7057-4ac8-b011-24cdb33942eb","gpioa":0,"gpiob":0,"gpioc":32768,"gpiod":6712,"gpioe":0,"modeltime":0,"type":"gpio"}
,[23.4.2021 | 14:39:21] {"client-id":"175e4ea7-7057-4ac8-b011-24cdb33942eb","gpioa":0,"gpiob":0,"gpioc":32768,"gpiod":6712,"gpioe":0,"modeltime":0,"type":"gpio"}
,[23.4.2021 | 14:39:21] {"client-id":"175e4ea7-7057-4ac8-b011-24cdb33942eb","gpioa":0,"gpiob":0,"gpioc":32768,"gpiod":6712,"gpioe":0,"modeltime":0,"type":"gpio"}
,[23.4.2021 | 14:39:21] {"client-id":"175e4ea7-7057-4ac8-b011-24cdb33942eb","gpioa":0,"gpiob":0,"gpioc":32768,"gpiod":6712,"gpioe":0,"modeltime":0,"type":"gpio"}
,[23.4.2021 | 14:39:21] {"client-id":"175e4ea7-7057-4ac8-b011-24cdb33942eb","gpioa":0,"gpiob":0,"gpioc":32768,"gpiod":6712,"gpioe":0,"modeltime":0,"type":"gpio"}
,[23.4.2021 | 14:39:21] {"client-id":"175e4ea7-7057-4ac8-b011-24cdb33942eb","gpioa":0,"gpiob":0,"gpioc":32768,"gpiod":7032,"gpioe":0,"modeltime":0,"type":"gpio"}
,[23.4.2021 | 14:39:21] {"client-id":"175e4ea7-7057-4ac8-b011-24cdb33942eb","gpioa":0,"gpiob":0,"gpioc":32768,"gpiod":7032,"gpioe":0,"modeltime":0,"type":"gpio"}
,[23.4.2021 | 14:39:21] {"client-id":"175e4ea7-7057-4ac8-b011-24cdb33942eb","gpioa":0,"gpiob":0,"gpioc":32768,"gpiod":7032,"gpioe":0,"modeltime":0,"type":"gpio"}
,[23.4.2021 | 14:39:21] {"client-id":"175e4ea7-7057-4ac8-b011-24cdb33942eb","gpioa":0,"gpiob":0,"gpioc":32768,"gpiod":7032,"gpioe":0,"modeltime":0,"type":"gpio"}
,[23.4.2021 | 14:39:22] {"client-id":"175e4ea7-7057-4ac8-b011-24cdb33942eb","gpioa":0,"gpiob":0,"gpioc":32768,"gpiod":7032,"gpioe":0,"modeltime":0,"type":"gpio"}
,[23.4.2021 | 14:39:22] {"client-id":"175e4ea7-7057-4ac8-b011-24cdb33942eb","gpioa":0,"gpiob":0,"gpioc":32768,"gpiod":6712,"gpioe":0,"modeltime":0,"type":"gpio"}
,[23.4.2021 | 14:39:22] {"client-id":"175e4ea7-7057-4ac8-b011-24cdb33942eb","gpioa":0,"gpiob":0,"gpioc":32768,"gpiod":6712,"gpioe":0,"modeltime":0,"type":"gpio"}
,[23.4.2021 | 14:39:22] {"client-id":"175e4ea7-7057-4ac8-b011-24cdb33942eb","gpioa":0,"gpiob":0,"gpioc":32768,"gpiod":6712,"gpioe":0,"modeltime":0,"type":"gpio"}
,[23.4.2021 | 14:39:22] {"client-id":"175e4ea7-7057-4ac8-b011-24cdb33942eb","gpioa":0,"gpiob":0,"gpioc":32768,"gpiod":6712,"gpioe":0,"modeltime":0,"type":"gpio"}
,[23.4.2021 | 14:39:22] {"client-id":"175e4ea7-7057-4ac8-b011-24cdb33942eb","gpioa":0,"gpiob":0,"gpioc":32768,"gpiod":6712,"gpioe":0,"modeltime":0,"type":"gpio"}
,[23.4.2021 | 14:39:22] {"client-id":"175e4ea7-7057-4ac8-b011-24cdb33942eb","gpioa":0,"gpiob":0,"gpioc":32768,"gpiod":6168,"gpioe":0,"modeltime":0,"type":"gpio"}
,[23.4.2021 | 14:39:22] {"client-id":"175e4ea7-7057-4ac8-b011-24cdb33942eb","gpioa":0,"gpiob":0,"gpioc":32768,"gpiod":6168,"gpioe":0,"modeltime":0,"type":"gpio"}
,[23.4.2021 | 14:39:22] {"client-id":"175e4ea7-7057-4ac8-b011-24cdb33942eb","gpioa":0,"gpiob":0,"gpioc":32768,"gpiod":6168,"gpioe":0,"modeltime":0,"type":"gpio"}
,[23.4.2021 | 14:39:22] {"client-id":"175e4ea7-7057-4ac8-b011-24cdb33942eb","gpioa":0,"gpiob":0,"gpioc":32768,"gpiod":6168,"gpioe":0,"modeltime":0,"type":"gpio"}
,[23.4.2021 | 14:39:23] {"client-id":"175e4ea7-7057-4ac8-b011-24cdb33942eb","gpioa":0,"gpiob":0,"gpioc":32768,"gpiod":6168,"gpioe":0,"modeltime":0,"type":"gpio"}
,[23.4.2021 | 14:39:23] {"client-id":"175e4ea7-7057-4ac8-b011-24cdb33942eb","gpioa":0,"gpiob":0,"gpioc":32768,"gpiod":4104,"gpioe":0,"modeltime":0,"type":"gpio"}
,[23.4.2021 | 14:39:23] {"client-id":"175e4ea7-7057-4ac8-b011-24cdb33942eb","gpioa":0,"gpiob":0,"gpioc":32768,"gpiod":4104,"gpioe":0,"modeltime":0,"type":"gpio"}
,[23.4.2021 | 14:39:23] {"client-id":"175e4ea7-7057-4ac8-b011-24cdb33942eb","gpioa":0,"gpiob":0,"gpioc":32768,"gpiod":4104,"gpioe":0,"modeltime":0,"type":"gpio"}
,[23.4.2021 | 14:39:23] {"client-id":"175e4ea7-7057-4ac8-b011-24cdb33942eb","gpioa":0,"gpiob":0,"gpioc":32768,"gpiod":4104,"gpioe":0,"modeltime":0,"type":"gpio"}
,[23.4.2021 | 14:39:23] {"client-id":"175e4ea7-7057-4ac8-b011-24cdb33942eb","gpioa":0,"gpiob":0,"gpioc":32768,"gpiod":4104,"gpioe":0,"modeltime":0,"type":"gpio"}
,[23.4.2021 | 14:39:23] {"client-id":"175e4ea7-7057-4ac8-b011-24cdb33942eb","gpioa":0,"gpiob":0,"gpioc":32768,"gpiod":0,"gpioe":0,"modeltime":0,"type":"gpio"}
,[23.4.2021 | 14:39:23] {"client-id":"175e4ea7-7057-4ac8-b011-24cdb33942eb","gpioa":0,"gpiob":0,"gpioc":32768,"gpiod":0,"gpioe":0,"modeltime":0,"type":"gpio"}
,[23.4.2021 | 14:39:23] {"client-id":"175e4ea7-7057-4ac8-b011-24cdb33942eb","gpioa":0,"gpiob":0,"gpioc":32768,"gpiod":0,"gpioe":0,"modeltime":0,"type":"gpio"}
,[23.4.2021 | 14:39:23] {"type":"cmd","data":"stop"}
